#
# There is insufficient memory for the Java Runtime Environment to continue.
# Native memory allocation (malloc) failed to allocate 168896 bytes. Error detail: Chunk::new
# Possible reasons:
#   The system is out of physical RAM or swap space
#   This process is running with CompressedOops enabled, and the Java Heap may be blocking the growth of the native heap
# Possible solutions:
#   Reduce memory load on the system
#   Increase physical memory or swap space
#   Check if swap backing store is full
#   Decrease Java heap size (-Xmx/-Xms)
#   Decrease number of Java threads
#   Decrease Java thread stack sizes (-Xss)
#   Set larger code cache with -XX:ReservedCodeCacheSize=
#   JVM is running with Unscaled Compressed Oops mode in which the Java heap is
#     placed in the first 4GB address space. The Java Heap base address is the
#     maximum limit for the native heap growth. Please use -XX:HeapBaseMinAddress
#     to set the Java Heap base and to place the Java Heap above 4GB virtual address.
# This output file may be truncated or incomplete.
#
#  Out of Memory Error (arena.cpp:168), pid=22324, tid=40496
#
# JRE version: OpenJDK Runtime Environment Temurin-21.0.6+7 (21.0.6+7) (build 21.0.6+7-LTS)
# Java VM: OpenJDK 64-Bit Server VM Temurin-21.0.6+7 (21.0.6+7-LTS, mixed mode, sharing, tiered, compressed oops, compressed class ptrs, parallel gc, windows-amd64)
# No core dump will be written. Minidumps are not enabled by default on client versions of Windows
#

---------------  S U M M A R Y ------------

Command Line: --add-modules=ALL-SYSTEM --add-opens=java.base/java.util=ALL-UNNAMED --add-opens=java.base/java.lang=ALL-UNNAMED --add-opens=java.base/sun.nio.fs=ALL-UNNAMED -Declipse.application=org.eclipse.jdt.ls.core.id1 -Dosgi.bundles.defaultStartLevel=4 -Declipse.product=org.eclipse.jdt.ls.core.product -Djava.import.generatesMetadataFilesAtProjectRoot=false -DDetectVMInstallationsJob.disabled=true -Dfile.encoding=utf8 -XX:+UseParallelGC -XX:GCTimeRatio=4 -XX:AdaptiveSizePolicyWeight=90 -Dsun.zip.disableMemoryMapping=true -Xmx1G -Xms100m -Xlog:disable -javaagent:c:\Users\23362995\.vscode\extensions\redhat.java-1.41.1-win32-x64\lombok\lombok-1.18.36.jar -XX:+HeapDumpOnOutOfMemoryError -XX:HeapDumpPath=c:\Users\23362995\AppData\Roaming\Code\User\workspaceStorage\b2fd3a9d163bc04bf9427ccafcd3f236\redhat.java -Daether.dependencyCollector.impl=bf c:\Users\23362995\.vscode\extensions\redhat.java-1.41.1-win32-x64\server\plugins\org.eclipse.equinox.launcher_1.7.0.v20250331-1702.jar -configuration c:\Users\23362995\AppData\Roaming\Code\User\globalStorage\redhat.java\1.41.1\config_win -data c:\Users\23362995\AppData\Roaming\Code\User\workspaceStorage\b2fd3a9d163bc04bf9427ccafcd3f236\redhat.java\jdt_ws --pipe=\\.\pipe\lsp-36985db03e8a0b0ff2762713969472f9-sock

Host: 13th Gen Intel(R) Core(TM) i5-1335U, 12 cores, 15G,  Windows 11 , 64 bit Build 26100 (10.0.26100.3775)
Time: Mon Apr 21 14:40:58 2025 GMT Summer Time elapsed time: 19.021830 seconds (0d 0h 0m 19s)

---------------  T H R E A D  ---------------

Current thread (0x0000019ed4866bd0):  JavaThread "C2 CompilerThread0" daemon [_thread_in_native, id=40496, stack(0x000000497dc00000,0x000000497dd00000) (1024K)]


Current CompileTask:
C2:19021 2027   !   4       java.lang.String::<init> (890 bytes)

Stack: [0x000000497dc00000,0x000000497dd00000]
Native frames: (J=compiled Java code, j=interpreted, Vv=VM code, C=native code)
V  [jvm.dll+0x6cdee9]
V  [jvm.dll+0x8a83d1]
V  [jvm.dll+0x8aa8fe]
V  [jvm.dll+0x8aafe3]
V  [jvm.dll+0x27f706]
V  [jvm.dll+0xc500d]
V  [jvm.dll+0xc5543]
V  [jvm.dll+0x2f2acd]
V  [jvm.dll+0x5f6a2a]
V  [jvm.dll+0x250bb2]
V  [jvm.dll+0x250f6f]
V  [jvm.dll+0x249834]
V  [jvm.dll+0x246ec4]
V  [jvm.dll+0x1c75ee]
V  [jvm.dll+0x25685a]
V  [jvm.dll+0x254dfa]
V  [jvm.dll+0x3f0256]
V  [jvm.dll+0x851f8b]
V  [jvm.dll+0x6cc5ed]
C  [ucrtbase.dll+0x37b0]
C  [KERNEL32.DLL+0x2e8d7]
C  [ntdll.dll+0xb14fc]


---------------  P R O C E S S  ---------------

Threads class SMR info:
_java_thread_list=0x0000019eef49da80, length=16, elements={
0x0000019ed47abf40, 0x0000019ee8b9da30, 0x0000019ed4850f60, 0x0000019ed4854870,
0x0000019ed4858370, 0x0000019ed485e610, 0x0000019ed4866190, 0x0000019ed4866bd0,
0x0000019ed48687e0, 0x0000019eea0b1760, 0x0000019eea1d88c0, 0x0000019eef9f1f10,
0x0000019eea32ce20, 0x0000019eea1104b0, 0x0000019eef85a990, 0x0000019eef306010
}

Java Threads: ( => current thread )
  0x0000019ed47abf40 JavaThread "main"                              [_thread_blocked, id=18496, stack(0x000000497d200000,0x000000497d300000) (1024K)]
  0x0000019ee8b9da30 JavaThread "Reference Handler"          daemon [_thread_blocked, id=3400, stack(0x000000497d600000,0x000000497d700000) (1024K)]
  0x0000019ed4850f60 JavaThread "Finalizer"                  daemon [_thread_blocked, id=16812, stack(0x000000497d700000,0x000000497d800000) (1024K)]
  0x0000019ed4854870 JavaThread "Signal Dispatcher"          daemon [_thread_blocked, id=20596, stack(0x000000497d800000,0x000000497d900000) (1024K)]
  0x0000019ed4858370 JavaThread "Attach Listener"            daemon [_thread_blocked, id=11036, stack(0x000000497d900000,0x000000497da00000) (1024K)]
  0x0000019ed485e610 JavaThread "Service Thread"             daemon [_thread_blocked, id=13804, stack(0x000000497da00000,0x000000497db00000) (1024K)]
  0x0000019ed4866190 JavaThread "Monitor Deflation Thread"   daemon [_thread_blocked, id=37244, stack(0x000000497db00000,0x000000497dc00000) (1024K)]
=>0x0000019ed4866bd0 JavaThread "C2 CompilerThread0"         daemon [_thread_in_native, id=40496, stack(0x000000497dc00000,0x000000497dd00000) (1024K)]
  0x0000019ed48687e0 JavaThread "C1 CompilerThread0"         daemon [_thread_in_native, id=35888, stack(0x000000497dd00000,0x000000497de00000) (1024K)]
  0x0000019eea0b1760 JavaThread "Common-Cleaner"             daemon [_thread_blocked, id=41468, stack(0x000000497de00000,0x000000497df00000) (1024K)]
  0x0000019eea1d88c0 JavaThread "Notification Thread"        daemon [_thread_blocked, id=10392, stack(0x000000497df00000,0x000000497e000000) (1024K)]
  0x0000019eef9f1f10 JavaThread "Active Thread: Equinox Container: 7bceeca1-54a6-498d-9d38-d283d2621773"        [_thread_blocked, id=16496, stack(0x000000497e800000,0x000000497e900000) (1024K)]
  0x0000019eea32ce20 JavaThread "Refresh Thread: Equinox Container: 7bceeca1-54a6-498d-9d38-d283d2621773" daemon [_thread_blocked, id=32400, stack(0x000000497e000000,0x000000497e100000) (1024K)]
  0x0000019eea1104b0 JavaThread "Framework Event Dispatcher: Equinox Container: 7bceeca1-54a6-498d-9d38-d283d2621773" daemon [_thread_blocked, id=32988, stack(0x000000497e900000,0x000000497ea00000) (1024K)]
  0x0000019eef85a990 JavaThread "Start Level: Equinox Container: 7bceeca1-54a6-498d-9d38-d283d2621773" daemon [_thread_in_native, id=38832, stack(0x000000497ea00000,0x000000497eb00000) (1024K)]
  0x0000019eef306010 JavaThread "C2 CompilerThread1"         daemon [_thread_in_native, id=11768, stack(0x000000497eb00000,0x000000497ec00000) (1024K)]
Total: 16

Other Threads:
  0x0000019ed484e730 VMThread "VM Thread"                           [id=13820, stack(0x000000497d500000,0x000000497d600000) (1024K)]
  0x0000019ee8a7ca10 WatcherThread "VM Periodic Task Thread"        [id=42876, stack(0x000000497d400000,0x000000497d500000) (1024K)]
  0x0000019ed47ca8a0 WorkerThread "GC Thread#0"                     [id=14656, stack(0x000000497d300000,0x000000497d400000) (1024K)]
  0x0000019eef10c9d0 WorkerThread "GC Thread#1"                     [id=39060, stack(0x000000497e100000,0x000000497e200000) (1024K)]
  0x0000019eef139090 WorkerThread "GC Thread#2"                     [id=34864, stack(0x000000497e200000,0x000000497e300000) (1024K)]
  0x0000019eef139430 WorkerThread "GC Thread#3"                     [id=35860, stack(0x000000497e300000,0x000000497e400000) (1024K)]
  0x0000019eef1397d0 WorkerThread "GC Thread#4"                     [id=11132, stack(0x000000497e400000,0x000000497e500000) (1024K)]
  0x0000019eef139b70 WorkerThread "GC Thread#5"                     [id=34560, stack(0x000000497e500000,0x000000497e600000) (1024K)]
  0x0000019eef139f10 WorkerThread "GC Thread#6"                     [id=24220, stack(0x000000497e600000,0x000000497e700000) (1024K)]
  0x0000019eea287320 WorkerThread "GC Thread#7"                     [id=29388, stack(0x000000497e700000,0x000000497e800000) (1024K)]
Total: 10

Threads with active compile tasks:
C2 CompilerThread0  28171 2027   !   4       java.lang.String::<init> (890 bytes)
C1 CompilerThread0  28171 2062   !   3       java.util.concurrent.ConcurrentHashMap::putVal (432 bytes)
C2 CompilerThread1  28171 2028 %     4       org.eclipse.osgi.util.ManifestElement::readLine @ 0 (122 bytes)
Total: 3

VM state: not at safepoint (normal execution)

VM Mutex/Monitor currently owned by a thread: None

Heap address: 0x00000000c0000000, size: 1024 MB, Compressed Oops mode: 32-bit

CDS archive(s) mapped at: [0x0000019e80000000-0x0000019e80ba0000-0x0000019e80ba0000), size 12189696, SharedBaseAddress: 0x0000019e80000000, ArchiveRelocationMode: 1.
Compressed class space mapped at: 0x0000019e81000000-0x0000019ec1000000, reserved size: 1073741824
Narrow klass base: 0x0000019e80000000, Narrow klass shift: 0, Narrow klass range: 0x100000000

GC Precious Log:
 CardTable entry size: 512
 CPUs: 12 total, 12 available
 Memory: 16036M
 Large Page Support: Disabled
 NUMA Support: Disabled
 Compressed Oops: Enabled (32-bit)
 Alignments: Space 512K, Generation 512K, Heap 2M
 Heap Min Capacity: 100M
 Heap Initial Capacity: 100M
 Heap Max Capacity: 1G
 Pre-touch: Disabled
 Parallel Workers: 10

Heap:
 PSYoungGen      total 29696K, used 22698K [0x00000000eab00000, 0x00000000ecc00000, 0x0000000100000000)
  eden space 25600K, 72% used [0x00000000eab00000,0x00000000ebd2d870,0x00000000ec400000)
  from space 4096K, 99% used [0x00000000ec800000,0x00000000ecbfd168,0x00000000ecc00000)
  to   space 4096K, 0% used [0x00000000ec400000,0x00000000ec400000,0x00000000ec800000)
 ParOldGen       total 68608K, used 1671K [0x00000000c0000000, 0x00000000c4300000, 0x00000000eab00000)
  object space 68608K, 2% used [0x00000000c0000000,0x00000000c01a1f20,0x00000000c4300000)
 Metaspace       used 9109K, committed 9472K, reserved 1114112K
  class space    used 926K, committed 1088K, reserved 1048576K

Card table byte_map: [0x0000019ed4150000,0x0000019ed4360000] _byte_map_base: 0x0000019ed3b50000

Marking Bits: (ParMarkBitMap*) 0x00007ff86b193260
 Begin Bits: [0x0000019ee69a0000, 0x0000019ee79a0000)
 End Bits:   [0x0000019ee79a0000, 0x0000019ee89a0000)

Polling page: 0x0000019ed3f30000

Metaspace:

Usage:
  Non-class:      7.99 MB used.
      Class:    926.49 KB used.
       Both:      8.90 MB used.

Virtual space:
  Non-class space:       64.00 MB reserved,       8.19 MB ( 13%) committed,  1 nodes.
      Class space:        1.00 GB reserved,       1.06 MB ( <1%) committed,  1 nodes.
             Both:        1.06 GB reserved,       9.25 MB ( <1%) committed. 

Chunk freelists:
   Non-Class:  6.92 MB
       Class:  14.84 MB
        Both:  21.76 MB

MaxMetaspaceSize: unlimited
CompressedClassSpaceSize: 1.00 GB
Initial GC threshold: 21.00 MB
Current GC threshold: 21.00 MB
CDS: on
 - commit_granule_bytes: 65536.
 - commit_granule_words: 8192.
 - virtual_space_node_default_size: 8388608.
 - enlarge_chunks_in_place: 1.
 - use_allocation_guard: 0.


Internal statistics:

num_allocs_failed_limit: 0.
num_arena_births: 254.
num_arena_deaths: 0.
num_vsnodes_births: 2.
num_vsnodes_deaths: 0.
num_space_committed: 148.
num_space_uncommitted: 0.
num_chunks_returned_to_freelist: 0.
num_chunks_taken_from_freelist: 481.
num_chunk_merges: 0.
num_chunk_splits: 320.
num_chunks_enlarged: 214.
num_inconsistent_stats: 0.

CodeHeap 'non-profiled nmethods': size=120000Kb used=931Kb max_used=931Kb free=119068Kb
 bounds [0x0000019edf470000, 0x0000019edf6e0000, 0x0000019ee69a0000]
CodeHeap 'profiled nmethods': size=120000Kb used=3700Kb max_used=3700Kb free=116300Kb
 bounds [0x0000019ed79a0000, 0x0000019ed7d40000, 0x0000019edeed0000]
CodeHeap 'non-nmethods': size=5760Kb used=1232Kb max_used=1270Kb free=4527Kb
 bounds [0x0000019edeed0000, 0x0000019edf140000, 0x0000019edf470000]
 total_blobs=2546 nmethods=2051 adapters=401
 compilation: enabled
              stopped_count=0, restarted_count=0
 full_count=0

Compilation events (20 events):
Event: 17.000 Thread 0x0000019ed48687e0 2029       3       java.io.FileDescriptor::valid (25 bytes)
Event: 17.001 Thread 0x0000019ed48687e0 nmethod 2029 0x0000019ed7d2d190 code [0x0000019ed7d2d340, 0x0000019ed7d2d4e0]
Event: 17.001 Thread 0x0000019ed48687e0 2030       3       java.lang.Math::abs (13 bytes)
Event: 17.001 Thread 0x0000019ed48687e0 nmethod 2030 0x0000019ed7d2d590 code [0x0000019ed7d2d740, 0x0000019ed7d2d8a8]
Event: 17.001 Thread 0x0000019ed48687e0 2031       3       java.lang.Integer::toHexString (6 bytes)
Event: 17.001 Thread 0x0000019ed48687e0 nmethod 2031 0x0000019ed7d2d910 code [0x0000019ed7d2dac0, 0x0000019ed7d2dbe0]
Event: 17.003 Thread 0x0000019ed48687e0 2032       3       org.eclipse.osgi.storage.bundlefile.ZipBundleFile::findEntry (62 bytes)
Event: 17.004 Thread 0x0000019ed48687e0 nmethod 2032 0x0000019ed7d2dc90 code [0x0000019ed7d2df20, 0x0000019ed7d2eaf8]
Event: 17.004 Thread 0x0000019ed48687e0 2034   !   3       org.eclipse.osgi.storage.BundleInfo$Generation::getRawHeaders (323 bytes)
Event: 17.007 Thread 0x0000019ed48687e0 nmethod 2034 0x0000019ed7d2ef90 code [0x0000019ed7d2f460, 0x0000019ed7d31d50]
Event: 17.007 Thread 0x0000019ed48687e0 2035       3       org.eclipse.osgi.storage.BundleInfo$CachedManifest::get (6 bytes)
Event: 17.008 Thread 0x0000019ed48687e0 nmethod 2035 0x0000019ed7d33210 code [0x0000019ed7d333c0, 0x0000019ed7d33518]
Event: 17.008 Thread 0x0000019ed48687e0 2036       3       org.eclipse.osgi.storage.BundleInfo$CachedManifest::get (120 bytes)
Event: 17.009 Thread 0x0000019ed48687e0 nmethod 2036 0x0000019ed7d33610 code [0x0000019ed7d33980, 0x0000019ed7d34d28]
Event: 17.010 Thread 0x0000019ed48687e0 2038       3       org.eclipse.osgi.framework.util.CaseInsensitiveDictionaryMap$EntryIterator::hasNext (10 bytes)
Event: 17.010 Thread 0x0000019ed48687e0 nmethod 2038 0x0000019ed7d35510 code [0x0000019ed7d356c0, 0x0000019ed7d35898]
Event: 17.010 Thread 0x0000019ed48687e0 2037       3       org.eclipse.osgi.framework.util.CaseInsensitiveDictionaryMap$KeyIterator::next (27 bytes)
Event: 17.010 Thread 0x0000019ed48687e0 nmethod 2037 0x0000019ed7d35990 code [0x0000019ed7d35b60, 0x0000019ed7d35f50]
Event: 17.490 Thread 0x0000019ed48687e0 2039       3       jdk.internal.misc.Unsafe::weakCompareAndSetReference (11 bytes)
Event: 17.490 Thread 0x0000019ed48687e0 nmethod 2039 0x0000019ed7d36090 code [0x0000019ed7d36220, 0x0000019ed7d36360]

GC Heap History (4 events):
Event: 1.725 GC heap before
{Heap before GC invocations=1 (full 0):
 PSYoungGen      total 29696K, used 25600K [0x00000000eab00000, 0x00000000ecc00000, 0x0000000100000000)
  eden space 25600K, 100% used [0x00000000eab00000,0x00000000ec400000,0x00000000ec400000)
  from space 4096K, 0% used [0x00000000ec800000,0x00000000ec800000,0x00000000ecc00000)
  to   space 4096K, 0% used [0x00000000ec400000,0x00000000ec400000,0x00000000ec800000)
 ParOldGen       total 68608K, used 0K [0x00000000c0000000, 0x00000000c4300000, 0x00000000eab00000)
  object space 68608K, 0% used [0x00000000c0000000,0x00000000c0000000,0x00000000c4300000)
 Metaspace       used 4314K, committed 4480K, reserved 1114112K
  class space    used 437K, committed 512K, reserved 1048576K
}
Event: 1.734 GC heap after
{Heap after GC invocations=1 (full 0):
 PSYoungGen      total 29696K, used 3173K [0x00000000eab00000, 0x00000000ecc00000, 0x0000000100000000)
  eden space 25600K, 0% used [0x00000000eab00000,0x00000000eab00000,0x00000000ec400000)
  from space 4096K, 77% used [0x00000000ec400000,0x00000000ec7197f0,0x00000000ec800000)
  to   space 4096K, 0% used [0x00000000ec800000,0x00000000ec800000,0x00000000ecc00000)
 ParOldGen       total 68608K, used 16K [0x00000000c0000000, 0x00000000c4300000, 0x00000000eab00000)
  object space 68608K, 0% used [0x00000000c0000000,0x00000000c0004000,0x00000000c4300000)
 Metaspace       used 4314K, committed 4480K, reserved 1114112K
  class space    used 437K, committed 512K, reserved 1048576K
}
Event: 8.938 GC heap before
{Heap before GC invocations=2 (full 0):
 PSYoungGen      total 29696K, used 28773K [0x00000000eab00000, 0x00000000ecc00000, 0x0000000100000000)
  eden space 25600K, 100% used [0x00000000eab00000,0x00000000ec400000,0x00000000ec400000)
  from space 4096K, 77% used [0x00000000ec400000,0x00000000ec7197f0,0x00000000ec800000)
  to   space 4096K, 0% used [0x00000000ec800000,0x00000000ec800000,0x00000000ecc00000)
 ParOldGen       total 68608K, used 16K [0x00000000c0000000, 0x00000000c4300000, 0x00000000eab00000)
  object space 68608K, 0% used [0x00000000c0000000,0x00000000c0004000,0x00000000c4300000)
 Metaspace       used 7840K, committed 8128K, reserved 1114112K
  class space    used 766K, committed 896K, reserved 1048576K
}
Event: 8.955 GC heap after
{Heap after GC invocations=2 (full 0):
 PSYoungGen      total 29696K, used 4084K [0x00000000eab00000, 0x00000000ecc00000, 0x0000000100000000)
  eden space 25600K, 0% used [0x00000000eab00000,0x00000000eab00000,0x00000000ec400000)
  from space 4096K, 99% used [0x00000000ec800000,0x00000000ecbfd168,0x00000000ecc00000)
  to   space 4096K, 0% used [0x00000000ec400000,0x00000000ec400000,0x00000000ec800000)
 ParOldGen       total 68608K, used 1671K [0x00000000c0000000, 0x00000000c4300000, 0x00000000eab00000)
  object space 68608K, 2% used [0x00000000c0000000,0x00000000c01a1f20,0x00000000c4300000)
 Metaspace       used 7840K, committed 8128K, reserved 1114112K
  class space    used 766K, committed 896K, reserved 1048576K
}

Dll operation events (9 events):
Event: 0.045 Loaded shared library c:\Users\23362995\.vscode\extensions\redhat.java-1.41.1-win32-x64\jre\21.0.6-win32-x86_64\bin\java.dll
Event: 0.190 Loaded shared library c:\Users\23362995\.vscode\extensions\redhat.java-1.41.1-win32-x64\jre\21.0.6-win32-x86_64\bin\zip.dll
Event: 0.247 Loaded shared library C:\Users\23362995\.vscode\extensions\redhat.java-1.41.1-win32-x64\jre\21.0.6-win32-x86_64\bin\instrument.dll
Event: 0.258 Loaded shared library C:\Users\23362995\.vscode\extensions\redhat.java-1.41.1-win32-x64\jre\21.0.6-win32-x86_64\bin\net.dll
Event: 0.264 Loaded shared library C:\Users\23362995\.vscode\extensions\redhat.java-1.41.1-win32-x64\jre\21.0.6-win32-x86_64\bin\nio.dll
Event: 0.269 Loaded shared library C:\Users\23362995\.vscode\extensions\redhat.java-1.41.1-win32-x64\jre\21.0.6-win32-x86_64\bin\zip.dll
Event: 0.309 Loaded shared library C:\Users\23362995\.vscode\extensions\redhat.java-1.41.1-win32-x64\jre\21.0.6-win32-x86_64\bin\jimage.dll
Event: 0.517 Loaded shared library c:\Users\23362995\.vscode\extensions\redhat.java-1.41.1-win32-x64\jre\21.0.6-win32-x86_64\bin\verify.dll
Event: 8.932 Loaded shared library C:\Users\23362995\AppData\Roaming\Code\User\globalStorage\redhat.java\1.41.1\config_win\org.eclipse.equinox.launcher\org.eclipse.equinox.launcher.win32.win32.x86_64_1.2.1300.v20250331-1702\eclipse_11911.dll

Deoptimization events (20 events):
Event: 9.430 Thread 0x0000019eef85a990 Uncommon trap: trap_request=0xffffffde fr.pc=0x0000019edf542ae4 relative=0x0000000000000304
Event: 9.430 Thread 0x0000019eef85a990 Uncommon trap: reason=class_check action=maybe_recompile pc=0x0000019edf542ae4 method=java.util.regex.Pattern$BmpCharPropertyGreedy.match(Ljava/util/regex/Matcher;ILjava/lang/CharSequence;)Z @ 26 c2
Event: 9.430 Thread 0x0000019eef85a990 DEOPT PACKING pc=0x0000019edf542ae4 sp=0x000000497eafd8e0
Event: 9.430 Thread 0x0000019eef85a990 DEOPT UNPACKING pc=0x0000019edef23aa2 sp=0x000000497eafd898 mode 2
Event: 9.430 Thread 0x0000019eef85a990 Uncommon trap: trap_request=0xffffffde fr.pc=0x0000019edf542ae4 relative=0x0000000000000304
Event: 9.430 Thread 0x0000019eef85a990 Uncommon trap: reason=class_check action=maybe_recompile pc=0x0000019edf542ae4 method=java.util.regex.Pattern$BmpCharPropertyGreedy.match(Ljava/util/regex/Matcher;ILjava/lang/CharSequence;)Z @ 26 c2
Event: 9.430 Thread 0x0000019eef85a990 DEOPT PACKING pc=0x0000019edf542ae4 sp=0x000000497eafd5d0
Event: 9.430 Thread 0x0000019eef85a990 DEOPT UNPACKING pc=0x0000019edef23aa2 sp=0x000000497eafd588 mode 2
Event: 9.430 Thread 0x0000019eef85a990 Uncommon trap: trap_request=0xffffffde fr.pc=0x0000019edf542ae4 relative=0x0000000000000304
Event: 9.430 Thread 0x0000019eef85a990 Uncommon trap: reason=class_check action=maybe_recompile pc=0x0000019edf542ae4 method=java.util.regex.Pattern$BmpCharPropertyGreedy.match(Ljava/util/regex/Matcher;ILjava/lang/CharSequence;)Z @ 26 c2
Event: 9.430 Thread 0x0000019eef85a990 DEOPT PACKING pc=0x0000019edf542ae4 sp=0x000000497eafd330
Event: 9.430 Thread 0x0000019eef85a990 DEOPT UNPACKING pc=0x0000019edef23aa2 sp=0x000000497eafd2e8 mode 2
Event: 9.430 Thread 0x0000019eef85a990 Uncommon trap: trap_request=0xffffffde fr.pc=0x0000019edf542ae4 relative=0x0000000000000304
Event: 9.430 Thread 0x0000019eef85a990 Uncommon trap: reason=class_check action=maybe_recompile pc=0x0000019edf542ae4 method=java.util.regex.Pattern$BmpCharPropertyGreedy.match(Ljava/util/regex/Matcher;ILjava/lang/CharSequence;)Z @ 26 c2
Event: 9.430 Thread 0x0000019eef85a990 DEOPT PACKING pc=0x0000019edf542ae4 sp=0x000000497eafd8e0
Event: 9.430 Thread 0x0000019eef85a990 DEOPT UNPACKING pc=0x0000019edef23aa2 sp=0x000000497eafd898 mode 2
Event: 9.447 Thread 0x0000019eef85a990 Uncommon trap: trap_request=0xffffff45 fr.pc=0x0000019edf5172b0 relative=0x00000000000009d0
Event: 9.447 Thread 0x0000019eef85a990 Uncommon trap: reason=unstable_if action=reinterpret pc=0x0000019edf5172b0 method=java.util.concurrent.ConcurrentHashMap.putVal(Ljava/lang/Object;Ljava/lang/Object;Z)Ljava/lang/Object; @ 148 c2
Event: 9.447 Thread 0x0000019eef85a990 DEOPT PACKING pc=0x0000019edf5172b0 sp=0x000000497eafe1d0
Event: 9.447 Thread 0x0000019eef85a990 DEOPT UNPACKING pc=0x0000019edef23aa2 sp=0x000000497eafe140 mode 2

Classes loaded (20 events):
Event: 9.338 Loading class sun/util/logging/resources/logging_en_GB
Event: 9.338 Loading class sun/util/logging/resources/logging_en_GB done
Event: 9.345 Loading class java/util/Formatter$DateTime
Event: 9.345 Loading class java/util/Formatter$DateTime done
Event: 9.345 Loading class java/util/Formatter$FixedString
Event: 9.345 Loading class java/util/Formatter$FixedString done
Event: 9.347 Loading class java/time/ZonedDateTime$1
Event: 9.347 Loading class java/time/ZonedDateTime$1 done
Event: 9.359 Loading class jdk/internal/module/ModulePatcher$PatchedModuleReader
Event: 9.360 Loading class jdk/internal/module/ModulePatcher$PatchedModuleReader done
Event: 9.384 Loading class sun/util/resources/LocaleData$CommonResourceBundleProvider
Event: 9.384 Loading class sun/util/resources/LocaleData$LocaleDataResourceBundleProvider
Event: 9.384 Loading class java/util/spi/ResourceBundleProvider
Event: 9.384 Loading class java/util/spi/ResourceBundleProvider done
Event: 9.384 Loading class sun/util/resources/LocaleData$LocaleDataResourceBundleProvider done
Event: 9.384 Loading class sun/util/resources/LocaleData$CommonResourceBundleProvider done
Event: 9.394 Loading class sun/text/resources/cldr/FormatData_en
Event: 9.395 Loading class sun/text/resources/cldr/FormatData_en done
Event: 9.396 Loading class sun/util/resources/Bundles$2
Event: 9.396 Loading class sun/util/resources/Bundles$2 done

Classes unloaded (0 events):
No events

Classes redefined (0 events):
No events

Internal exceptions (20 events):
Event: 1.748 Thread 0x0000019ed47abf40 Implicit null exception at 0x0000019edf4cde9a to 0x0000019edf4ce0a4
Event: 1.748 Thread 0x0000019ed47abf40 Implicit null exception at 0x0000019edf4c1e3d to 0x0000019edf4c1ec1
Event: 1.842 Thread 0x0000019ed47abf40 Exception <a 'java/lang/NoSuchMethodError'{0x00000000ead96a88}: 'long java.lang.invoke.DirectMethodHandle$Holder.invokeStatic(java.lang.Object, java.lang.Object, int)'> (0x00000000ead96a88) 
thrown [s\src\hotspot\share\interpreter\linkResolver.cpp, line 773]
Event: 1.844 Thread 0x0000019ed47abf40 Exception <a 'java/lang/NoSuchMethodError'{0x00000000ead9e590}: 'java.lang.Object java.lang.invoke.DirectMethodHandle$Holder.invokeSpecial(java.lang.Object, java.lang.Object, java.lang.Object, java.lang.Object, long)'> (0x00000000ead9e590) 
thrown [s\src\hotspot\share\interpreter\linkResolver.cpp, line 773]
Event: 1.846 Thread 0x0000019ed47abf40 Exception <a 'java/lang/NoSuchMethodError'{0x00000000eadac210}: 'java.lang.Object java.lang.invoke.DirectMethodHandle$Holder.invokeSpecial(java.lang.Object, java.lang.Object, java.lang.Object, int, java.lang.Object)'> (0x00000000eadac210) 
thrown [s\src\hotspot\share\interpreter\linkResolver.cpp, line 773]
Event: 1.852 Thread 0x0000019ed47abf40 Exception <a 'java/lang/NoSuchMethodError'{0x00000000eadc3838}: 'java.lang.Object java.lang.invoke.Invokers$Holder.invokeExact_MT(java.lang.Object, java.lang.Object, java.lang.Object, java.lang.Object, java.lang.Object, java.lang.Object)'> (0x00000000eadc3838) 
thrown [s\src\hotspot\share\interpreter\linkResolver.cpp, line 773]
Event: 1.860 Thread 0x0000019ed47abf40 Exception <a 'java/lang/NoSuchMethodError'{0x00000000eaddd120}: 'int java.lang.invoke.DirectMethodHandle$Holder.invokeStaticInit(java.lang.Object, java.lang.Object, java.lang.Object, java.lang.Object)'> (0x00000000eaddd120) 
thrown [s\src\hotspot\share\interpreter\linkResolver.cpp, line 773]
Event: 1.862 Thread 0x0000019ed47abf40 Exception <a 'java/lang/NoSuchMethodError'{0x00000000eade58d8}: 'java.lang.Object java.lang.invoke.DirectMethodHandle$Holder.invokeInterface(java.lang.Object, java.lang.Object)'> (0x00000000eade58d8) 
thrown [s\src\hotspot\share\interpreter\linkResolver.cpp, line 773]
Event: 1.863 Thread 0x0000019ed47abf40 Exception <a 'java/lang/IncompatibleClassChangeError'{0x00000000eade8e10}: Found class java.lang.Object, but interface was expected> (0x00000000eade8e10) 
thrown [s\src\hotspot\share\interpreter\linkResolver.cpp, line 840]
Event: 1.864 Thread 0x0000019ed47abf40 Exception <a 'java/lang/NoSuchMethodError'{0x00000000eadecfc8}: 'void java.lang.invoke.DirectMethodHandle$Holder.invokeStatic(java.lang.Object, java.lang.Object)'> (0x00000000eadecfc8) 
thrown [s\src\hotspot\share\interpreter\linkResolver.cpp, line 773]
Event: 1.865 Thread 0x0000019ed47abf40 Exception <a 'java/lang/NoSuchMethodError'{0x00000000eadf0370}: 'void java.lang.invoke.DirectMethodHandle$Holder.invokeStaticInit(java.lang.Object, java.lang.Object)'> (0x00000000eadf0370) 
thrown [s\src\hotspot\share\interpreter\linkResolver.cpp, line 773]
Event: 1.866 Thread 0x0000019ed47abf40 Exception <a 'java/lang/NoSuchMethodError'{0x00000000eadf7390}: 'int java.lang.invoke.DirectMethodHandle$Holder.invokeStaticInit(java.lang.Object, java.lang.Object)'> (0x00000000eadf7390) 
thrown [s\src\hotspot\share\interpreter\linkResolver.cpp, line 773]
Event: 1.957 Thread 0x0000019ed47abf40 Exception <a 'java/lang/NoSuchMethodError'{0x00000000eaf59df8}: 'void java.lang.invoke.DirectMethodHandle$Holder.invokeSpecial(java.lang.Object, java.lang.Object, java.lang.Object)'> (0x00000000eaf59df8) 
thrown [s\src\hotspot\share\interpreter\linkResolver.cpp, line 773]
Event: 2.413 Thread 0x0000019ed47abf40 Exception <a 'java/lang/NoSuchMethodError'{0x00000000eb958220}: 'int java.lang.invoke.DirectMethodHandle$Holder.invokeVirtual(java.lang.Object, java.lang.Object)'> (0x00000000eb958220) 
thrown [s\src\hotspot\share\interpreter\linkResolver.cpp, line 773]
Event: 2.588 Thread 0x0000019ed47abf40 Exception <a 'java/lang/NoSuchMethodError'{0x00000000ebcc0968}: 'java.lang.Object java.lang.invoke.DirectMethodHandle$Holder.newInvokeSpecial(java.lang.Object, int, java.lang.Object)'> (0x00000000ebcc0968) 
thrown [s\src\hotspot\share\interpreter\linkResolver.cpp, line 773]
Event: 2.678 Thread 0x0000019ed47abf40 Exception <a 'java/lang/NoSuchMethodError'{0x00000000ebe6e638}: 'java.lang.Object java.lang.invoke.DirectMethodHandle$Holder.newInvokeSpecial(java.lang.Object, java.lang.Object, java.lang.Object, java.lang.Object, int, java.lang.Object)'> (0x00000000ebe6e638) 
thrown [s\src\hotspot\share\interpreter\linkResolver.cpp, line 773]
Event: 8.914 Thread 0x0000019ed47abf40 Exception <a 'java/lang/UnsatisfiedLinkError'{0x00000000ec329a00}: 'void org.eclipse.equinox.launcher.JNIBridge._update_splash()'> (0x00000000ec329a00) 
thrown [s\src\hotspot\share\prims\nativeLookup.cpp, line 415]
Event: 9.176 Thread 0x0000019eef85a990 Exception <a 'java/lang/NoSuchMethodError'{0x00000000eb0ddac8}: 'java.lang.Object java.lang.invoke.DirectMethodHandle$Holder.newInvokeSpecial(java.lang.Object, java.lang.Object, int, java.lang.Object)'> (0x00000000eb0ddac8) 
thrown [s\src\hotspot\share\interpreter\linkResolver.cpp, line 773]
Event: 9.314 Thread 0x0000019eef85a990 Exception <a 'java/lang/NoSuchMethodError'{0x00000000eb2770b8}: 'java.lang.Object java.lang.invoke.DirectMethodHandle$Holder.invokeStatic(java.lang.Object, int, java.lang.Object)'> (0x00000000eb2770b8) 
thrown [s\src\hotspot\share\interpreter\linkResolver.cpp, line 773]
Event: 9.333 Thread 0x0000019eef85a990 Exception <a 'java/lang/ClassNotFoundException'{0x00000000eb2ded38}: sun/util/logging/resources/spi/loggingProvider> (0x00000000eb2ded38) 
thrown [s\src\hotspot\share\classfile\systemDictionary.cpp, line 312]

ZGC Phase Switch (0 events):
No events

VM Operations (20 events):
Event: 2.672 Executing VM operation: HandshakeAllThreads (Deoptimize)
Event: 2.672 Executing VM operation: HandshakeAllThreads (Deoptimize) done
Event: 3.679 Executing VM operation: Cleanup
Event: 3.679 Executing VM operation: Cleanup done
Event: 8.938 Executing VM operation: ParallelGCFailedAllocation (Allocation Failure)
Event: 8.956 Executing VM operation: ParallelGCFailedAllocation (Allocation Failure) done
Event: 9.117 Executing VM operation: HandshakeAllThreads (Deoptimize)
Event: 9.117 Executing VM operation: HandshakeAllThreads (Deoptimize) done
Event: 9.298 Executing VM operation: HandshakeAllThreads (Deoptimize)
Event: 9.298 Executing VM operation: HandshakeAllThreads (Deoptimize) done
Event: 9.360 Executing VM operation: HandshakeAllThreads (Deoptimize)
Event: 9.360 Executing VM operation: HandshakeAllThreads (Deoptimize) done
Event: 9.411 Executing VM operation: HandshakeAllThreads (Deoptimize)
Event: 9.412 Executing VM operation: HandshakeAllThreads (Deoptimize) done
Event: 9.446 Executing VM operation: HandshakeAllThreads (Deoptimize)
Event: 9.446 Executing VM operation: HandshakeAllThreads (Deoptimize) done
Event: 10.459 Executing VM operation: Cleanup
Event: 10.459 Executing VM operation: Cleanup done
Event: 17.552 Executing VM operation: Cleanup
Event: 17.552 Executing VM operation: Cleanup done

Memory protections (0 events):
No events

Nmethod flushes (0 events):
No events

Events (20 events):
Event: 0.123 Thread 0x0000019ed47abf40 Thread added: 0x0000019ed4866bd0
Event: 0.123 Thread 0x0000019ed47abf40 Thread added: 0x0000019ed48687e0
Event: 0.167 Thread 0x0000019ed47abf40 Thread added: 0x0000019eea0b1760
Event: 0.216 Thread 0x0000019ed48687e0 Thread added: 0x0000019eea160980
Event: 0.738 Thread 0x0000019eea160980 Thread exited: 0x0000019eea160980
Event: 0.788 Thread 0x0000019ed47abf40 Thread added: 0x0000019eea1d88c0
Event: 0.989 Thread 0x0000019ed48687e0 Thread added: 0x0000019eea32ce20
Event: 1.118 Thread 0x0000019ed48687e0 Thread added: 0x0000019eef10c9d0
Event: 1.722 Thread 0x0000019eef10c9d0 Thread exited: 0x0000019eef10c9d0
Event: 2.061 Thread 0x0000019ed48687e0 Thread added: 0x0000019eef731b70
Event: 2.500 Thread 0x0000019ed47abf40 Thread added: 0x0000019eef9f1f10
Event: 3.411 Thread 0x0000019eef731b70 Thread exited: 0x0000019eef731b70
Event: 3.412 Thread 0x0000019eea32ce20 Thread exited: 0x0000019eea32ce20
Event: 8.907 Thread 0x0000019ed47abf40 Thread added: 0x0000019eea32ce20
Event: 9.009 Thread 0x0000019eea32ce20 Thread added: 0x0000019eea1104b0
Event: 9.016 Thread 0x0000019ed47abf40 Thread added: 0x0000019eef85a990
Event: 9.467 Thread 0x0000019ed48687e0 Thread added: 0x0000019eea23daa0
Event: 9.467 Thread 0x0000019ed48687e0 Thread added: 0x0000019eea23e140
Event: 10.040 Thread 0x0000019eea23e140 Thread exited: 0x0000019eea23e140
Event: 10.040 Thread 0x0000019eea23daa0 Thread exited: 0x0000019eea23daa0


Dynamic libraries:
0x00007ff6b3e10000 - 0x00007ff6b3e1e000 	c:\Users\23362995\.vscode\extensions\redhat.java-1.41.1-win32-x64\jre\21.0.6-win32-x86_64\bin\java.exe
0x00007ff900540000 - 0x00007ff9007a0000 	C:\WINDOWS\SYSTEM32\ntdll.dll
0x00007ff8feb10000 - 0x00007ff8febd7000 	C:\WINDOWS\System32\KERNEL32.DLL
0x00007ff8fd9f0000 - 0x00007ff8fddba000 	C:\WINDOWS\System32\KERNELBASE.dll
0x00007ff8fe1f0000 - 0x00007ff8fe33b000 	C:\WINDOWS\System32\ucrtbase.dll
0x00007ff8e83b0000 - 0x00007ff8e83ce000 	c:\Users\23362995\.vscode\extensions\redhat.java-1.41.1-win32-x64\jre\21.0.6-win32-x86_64\bin\VCRUNTIME140.dll
0x00007ff8d6540000 - 0x00007ff8d6558000 	c:\Users\23362995\.vscode\extensions\redhat.java-1.41.1-win32-x64\jre\21.0.6-win32-x86_64\bin\jli.dll
0x00007ff8ffd50000 - 0x00007ff8fff1c000 	C:\WINDOWS\System32\USER32.dll
0x00007ff8e5880000 - 0x00007ff8e5b17000 	C:\WINDOWS\WinSxS\amd64_microsoft.windows.common-controls_6595b64144ccf1df_6.0.26100.3624_none_3e086962e3345f24\COMCTL32.dll
0x00007ff8fee70000 - 0x00007ff8fef19000 	C:\WINDOWS\System32\msvcrt.dll
0x00007ff8fdfd0000 - 0x00007ff8fdff7000 	C:\WINDOWS\System32\win32u.dll
0x00007ff8feae0000 - 0x00007ff8feb0a000 	C:\WINDOWS\System32\GDI32.dll
0x00007ff8fe000000 - 0x00007ff8fe131000 	C:\WINDOWS\System32\gdi32full.dll
0x00007ff8fe140000 - 0x00007ff8fe1e3000 	C:\WINDOWS\System32\msvcp_win.dll
0x00007ff8fe520000 - 0x00007ff8fe54f000 	C:\WINDOWS\System32\IMM32.DLL
0x00007ff8e9710000 - 0x00007ff8e971c000 	c:\Users\23362995\.vscode\extensions\redhat.java-1.41.1-win32-x64\jre\21.0.6-win32-x86_64\bin\vcruntime140_1.dll
0x00007ff8853c0000 - 0x00007ff88544d000 	c:\Users\23362995\.vscode\extensions\redhat.java-1.41.1-win32-x64\jre\21.0.6-win32-x86_64\bin\msvcp140.dll
0x00007ff86a4e0000 - 0x00007ff86b270000 	c:\Users\23362995\.vscode\extensions\redhat.java-1.41.1-win32-x64\jre\21.0.6-win32-x86_64\bin\server\jvm.dll
0x00007ff8fef20000 - 0x00007ff8fefd2000 	C:\WINDOWS\System32\ADVAPI32.dll
0x00007ff8fe370000 - 0x00007ff8fe416000 	C:\WINDOWS\System32\sechost.dll
0x00007ff8ffb40000 - 0x00007ff8ffc56000 	C:\WINDOWS\System32\RPCRT4.dll
0x00007ff8fe420000 - 0x00007ff8fe494000 	C:\WINDOWS\System32\WS2_32.dll
0x00007ff8fd570000 - 0x00007ff8fd5ce000 	C:\WINDOWS\SYSTEM32\POWRPROF.dll
0x00007ff8f6970000 - 0x00007ff8f69a6000 	C:\WINDOWS\SYSTEM32\WINMM.dll
0x00007ff8e5e70000 - 0x00007ff8e5e7b000 	C:\WINDOWS\SYSTEM32\VERSION.dll
0x00007ff8fd550000 - 0x00007ff8fd564000 	C:\WINDOWS\SYSTEM32\UMPDC.dll
0x00007ff8fc3d0000 - 0x00007ff8fc3ea000 	C:\WINDOWS\SYSTEM32\kernel.appcore.dll
0x00007ff8e9450000 - 0x00007ff8e945a000 	c:\Users\23362995\.vscode\extensions\redhat.java-1.41.1-win32-x64\jre\21.0.6-win32-x86_64\bin\jimage.dll
0x00007ff8faaa0000 - 0x00007ff8face1000 	C:\WINDOWS\SYSTEM32\DBGHELP.DLL
0x00007ff8fe750000 - 0x00007ff8fead2000 	C:\WINDOWS\System32\combase.dll
0x00007ff8fece0000 - 0x00007ff8fedb6000 	C:\WINDOWS\System32\OLEAUT32.dll
0x00007ff8f6930000 - 0x00007ff8f6969000 	C:\WINDOWS\SYSTEM32\dbgcore.DLL
0x00007ff8fdf30000 - 0x00007ff8fdfc9000 	C:\WINDOWS\System32\bcryptPrimitives.dll
0x00007ff8e9240000 - 0x00007ff8e924f000 	c:\Users\23362995\.vscode\extensions\redhat.java-1.41.1-win32-x64\jre\21.0.6-win32-x86_64\bin\instrument.dll
0x00007ff8cab90000 - 0x00007ff8cabaf000 	c:\Users\23362995\.vscode\extensions\redhat.java-1.41.1-win32-x64\jre\21.0.6-win32-x86_64\bin\java.dll
0x00007ff8ff210000 - 0x00007ff8ff939000 	C:\WINDOWS\System32\SHELL32.dll
0x00007ff8fddc0000 - 0x00007ff8fdf28000 	C:\WINDOWS\System32\wintypes.dll
0x00007ff8fb050000 - 0x00007ff8fb8a2000 	C:\WINDOWS\SYSTEM32\windows.storage.dll
0x00007ff8ffc60000 - 0x00007ff8ffd4d000 	C:\WINDOWS\System32\SHCORE.dll
0x00007ff8fff50000 - 0x00007ff8fffb4000 	C:\WINDOWS\System32\shlwapi.dll
0x00007ff8fd630000 - 0x00007ff8fd65f000 	C:\WINDOWS\SYSTEM32\profapi.dll
0x00007ff8c4990000 - 0x00007ff8c49a8000 	c:\Users\23362995\.vscode\extensions\redhat.java-1.41.1-win32-x64\jre\21.0.6-win32-x86_64\bin\zip.dll
0x00007ff8e9100000 - 0x00007ff8e9110000 	C:\Users\23362995\.vscode\extensions\redhat.java-1.41.1-win32-x64\jre\21.0.6-win32-x86_64\bin\net.dll
0x00007ff8fc3f0000 - 0x00007ff8fc50d000 	C:\WINDOWS\SYSTEM32\WINHTTP.dll
0x00007ff8fc9f0000 - 0x00007ff8fca5a000 	C:\WINDOWS\system32\mswsock.dll
0x00007ff8c7a20000 - 0x00007ff8c7a36000 	C:\Users\23362995\.vscode\extensions\redhat.java-1.41.1-win32-x64\jre\21.0.6-win32-x86_64\bin\nio.dll
0x00007ff8e8f10000 - 0x00007ff8e8f20000 	c:\Users\23362995\.vscode\extensions\redhat.java-1.41.1-win32-x64\jre\21.0.6-win32-x86_64\bin\verify.dll
0x00007ff87d200000 - 0x00007ff87d245000 	C:\Users\23362995\AppData\Roaming\Code\User\globalStorage\redhat.java\1.41.1\config_win\org.eclipse.equinox.launcher\org.eclipse.equinox.launcher.win32.win32.x86_64_1.2.1300.v20250331-1702\eclipse_11911.dll
0x00007ff8ff070000 - 0x00007ff8ff206000 	C:\WINDOWS\System32\ole32.dll

dbghelp: loaded successfully - version: 4.0.5 - missing functions: none
symbol engine: initialized successfully - sym options: 0x614 - pdb path: .;c:\Users\23362995\.vscode\extensions\redhat.java-1.41.1-win32-x64\jre\21.0.6-win32-x86_64\bin;C:\WINDOWS\SYSTEM32;C:\WINDOWS\WinSxS\amd64_microsoft.windows.common-controls_6595b64144ccf1df_6.0.26100.3624_none_3e086962e3345f24;c:\Users\23362995\.vscode\extensions\redhat.java-1.41.1-win32-x64\jre\21.0.6-win32-x86_64\bin\server;C:\Users\23362995\AppData\Roaming\Code\User\globalStorage\redhat.java\1.41.1\config_win\org.eclipse.equinox.launcher\org.eclipse.equinox.launcher.win32.win32.x86_64_1.2.1300.v20250331-1702

VM Arguments:
jvm_args: --add-modules=ALL-SYSTEM --add-opens=java.base/java.util=ALL-UNNAMED --add-opens=java.base/java.lang=ALL-UNNAMED --add-opens=java.base/sun.nio.fs=ALL-UNNAMED -Declipse.application=org.eclipse.jdt.ls.core.id1 -Dosgi.bundles.defaultStartLevel=4 -Declipse.product=org.eclipse.jdt.ls.core.product -Djava.import.generatesMetadataFilesAtProjectRoot=false -DDetectVMInstallationsJob.disabled=true -Dfile.encoding=utf8 -XX:+UseParallelGC -XX:GCTimeRatio=4 -XX:AdaptiveSizePolicyWeight=90 -Dsun.zip.disableMemoryMapping=true -Xmx1G -Xms100m -Xlog:disable -javaagent:c:\Users\23362995\.vscode\extensions\redhat.java-1.41.1-win32-x64\lombok\lombok-1.18.36.jar -XX:+HeapDumpOnOutOfMemoryError -XX:HeapDumpPath=c:\Users\23362995\AppData\Roaming\Code\User\workspaceStorage\b2fd3a9d163bc04bf9427ccafcd3f236\redhat.java -Daether.dependencyCollector.impl=bf 
java_command: c:\Users\23362995\.vscode\extensions\redhat.java-1.41.1-win32-x64\server\plugins\org.eclipse.equinox.launcher_1.7.0.v20250331-1702.jar -configuration c:\Users\23362995\AppData\Roaming\Code\User\globalStorage\redhat.java\1.41.1\config_win -data c:\Users\23362995\AppData\Roaming\Code\User\workspaceStorage\b2fd3a9d163bc04bf9427ccafcd3f236\redhat.java\jdt_ws --pipe=\\.\pipe\lsp-36985db03e8a0b0ff2762713969472f9-sock
java_class_path (initial): c:\Users\23362995\.vscode\extensions\redhat.java-1.41.1-win32-x64\server\plugins\org.eclipse.equinox.launcher_1.7.0.v20250331-1702.jar
Launcher Type: SUN_STANDARD

[Global flags]
    uintx AdaptiveSizePolicyWeight                 = 90                                        {product} {command line}
     intx CICompilerCount                          = 4                                         {product} {ergonomic}
    uintx GCTimeRatio                              = 4                                         {product} {command line}
     bool HeapDumpOnOutOfMemoryError               = true                                   {manageable} {command line}
    ccstr HeapDumpPath                             = c:\Users\23362995\AppData\Roaming\Code\User\workspaceStorage\b2fd3a9d163bc04bf9427ccafcd3f236\redhat.java         {manageable} {command line}
   size_t InitialHeapSize                          = 104857600                                 {product} {command line}
   size_t MaxHeapSize                              = 1073741824                                {product} {command line}
   size_t MaxNewSize                               = 357564416                                 {product} {ergonomic}
   size_t MinHeapDeltaBytes                        = 524288                                    {product} {ergonomic}
   size_t MinHeapSize                              = 104857600                                 {product} {command line}
   size_t NewSize                                  = 34603008                                  {product} {ergonomic}
    uintx NonNMethodCodeHeapSize                   = 5839372                                {pd product} {ergonomic}
    uintx NonProfiledCodeHeapSize                  = 122909434                              {pd product} {ergonomic}
   size_t OldSize                                  = 70254592                                  {product} {ergonomic}
    uintx ProfiledCodeHeapSize                     = 122909434                              {pd product} {ergonomic}
    uintx ReservedCodeCacheSize                    = 251658240                              {pd product} {ergonomic}
     bool SegmentedCodeCache                       = true                                      {product} {ergonomic}
   size_t SoftMaxHeapSize                          = 1073741824                             {manageable} {ergonomic}
     bool UseCompressedOops                        = true                           {product lp64_product} {ergonomic}
     bool UseLargePagesIndividualAllocation        = false                                  {pd product} {ergonomic}
     bool UseParallelGC                            = true                                      {product} {command line}

Logging:
Log output configuration:
 #0: stdout all=off uptime,level,tags foldmultilines=false
 #1: stderr all=off uptime,level,tags foldmultilines=false

Environment Variables:
JAVA_HOME=C:\Program Files\Java\eclipse\jdk-23
PATH=C:\Program Files\Google\Chrome\Application;C:\Program Files\Common Files\Oracle\Java\javapath;C:\Program Files\Java\jdk-23\bin;C:\Program Files\Eclipse Adoptium\jdk-17.0.13.11-hotspot\bin;C:\WINDOWS\system32;C:\WINDOWS;C:\WINDOWS\System32\Wbem;C:\WINDOWS\System32\WindowsPowerShell\v1.0\;C:\WINDOWS\System32\OpenSSH\;C:\Program Files\Microsoft SQL Server\120\Tools\Binn\;C:\Program Files\Git\cmd;C:\Program Files\Java\eclipse\jdk-23\bin;C:\Program Files\MATLAB\R2024b\bin;C:\Program Files\Java\jdk-23\bin;C:\Program Files\Java\jdk-23\bin;C:\Users\23362995\AppData\Local\Programs\Python\Python310\Scripts\;C:\Users\23362995\AppData\Local\Programs\Python\Python310\;C:\Users\23362995\AppData\Local\Microsoft\WindowsApps;C:\Users\23362995\AppData\Local\Programs\Microsoft VS Code\bin;C:\Program Files\Java\eclipse\jdk-23\bin;
USERNAME=23362995
OS=Windows_NT
PROCESSOR_IDENTIFIER=Intel64 Family 6 Model 186 Stepping 3, GenuineIntel
TMP=C:\Users\23362995\AppData\Local\Temp
TEMP=C:\Users\23362995\AppData\Local\Temp




Periodic native trim disabled

---------------  S Y S T E M  ---------------

OS:
 Windows 11 , 64 bit Build 26100 (10.0.26100.3775)
OS uptime: 9 days 7:07 hours
Hyper-V role detected

CPU: total 12 (initial active 12) (6 cores per cpu, 2 threads per core) family 6 model 186 stepping 3 microcode 0x4123, cx8, cmov, fxsr, ht, mmx, 3dnowpref, sse, sse2, sse3, ssse3, sse4.1, sse4.2, popcnt, lzcnt, tsc, tscinvbit, avx, avx2, aes, erms, clmul, bmi1, bmi2, adx, sha, fma, vzeroupper, clflush, clflushopt, clwb, hv, serialize, rdtscp, rdpid, fsrm, f16c, cet_ibt, cet_ss
Processor Information for the first 12 processors :
  Max Mhz: 1300, Current Mhz: 1300, Mhz Limit: 1300

Memory: 4k page, system-wide physical 16036M (1439M free)
TotalPageFile size 39499M (AvailPageFile size 0M)
current process WorkingSet (physical memory assigned to process): 96M, peak: 100M
current process commit charge ("private bytes"): 214M, peak: 217M

vm_info: OpenJDK 64-Bit Server VM (21.0.6+7-LTS) for windows-amd64 JRE (21.0.6+7-LTS), built on 2025-01-21T00:00:00Z by "admin" with MS VC++ 17.7 (VS2022)

END.
