#
# There is insufficient memory for the Java Runtime Environment to continue.
# Native memory allocation (malloc) failed to allocate 497776 bytes. Error detail: Chunk::new
# Possible reasons:
#   The system is out of physical RAM or swap space
#   This process is running with CompressedOops enabled, and the Java Heap may be blocking the growth of the native heap
# Possible solutions:
#   Reduce memory load on the system
#   Increase physical memory or swap space
#   Check if swap backing store is full
#   Decrease Java heap size (-Xmx/-Xms)
#   Decrease number of Java threads
#   Decrease Java thread stack sizes (-Xss)
#   Set larger code cache with -XX:ReservedCodeCacheSize=
#   JVM is running with Unscaled Compressed Oops mode in which the Java heap is
#     placed in the first 4GB address space. The Java Heap base address is the
#     maximum limit for the native heap growth. Please use -XX:HeapBaseMinAddress
#     to set the Java Heap base and to place the Java Heap above 4GB virtual address.
# This output file may be truncated or incomplete.
#
#  Out of Memory Error (arena.cpp:168), pid=37916, tid=28044
#
# JRE version: OpenJDK Runtime Environment Temurin-21.0.6+7 (21.0.6+7) (build 21.0.6+7-LTS)
# Java VM: OpenJDK 64-Bit Server VM Temurin-21.0.6+7 (21.0.6+7-LTS, mixed mode, sharing, tiered, compressed oops, compressed class ptrs, parallel gc, windows-amd64)
# No core dump will be written. Minidumps are not enabled by default on client versions of Windows
#

---------------  S U M M A R Y ------------

Command Line: --add-modules=ALL-SYSTEM --add-opens=java.base/java.util=ALL-UNNAMED --add-opens=java.base/java.lang=ALL-UNNAMED --add-opens=java.base/sun.nio.fs=ALL-UNNAMED -Declipse.application=org.eclipse.jdt.ls.core.id1 -Dosgi.bundles.defaultStartLevel=4 -Declipse.product=org.eclipse.jdt.ls.core.product -Djava.import.generatesMetadataFilesAtProjectRoot=false -DDetectVMInstallationsJob.disabled=true -Dfile.encoding=utf8 -XX:+UseParallelGC -XX:GCTimeRatio=4 -XX:AdaptiveSizePolicyWeight=90 -Dsun.zip.disableMemoryMapping=true -Xmx1G -Xms100m -Xlog:disable -javaagent:c:\Users\23362995\.vscode\extensions\redhat.java-1.41.1-win32-x64\lombok\lombok-1.18.36.jar c:\Users\23362995\.vscode\extensions\redhat.java-1.41.1-win32-x64\server\plugins\org.eclipse.equinox.launcher_1.7.0.v20250331-1702.jar -configuration c:\Users\23362995\AppData\Roaming\Code\User\globalStorage\redhat.java\1.41.1\config_ss_win -data c:\Users\23362995\AppData\Roaming\Code\User\workspaceStorage\b2fd3a9d163bc04bf9427ccafcd3f236\redhat.java\ss_ws --pipe=\\.\pipe\lsp-09e75ddf951a7c26d9b24a4b17a3f992-sock

Host: 13th Gen Intel(R) Core(TM) i5-1335U, 12 cores, 15G,  Windows 11 , 64 bit Build 26100 (10.0.26100.3775)
Time: Mon Apr 21 14:41:05 2025 GMT Summer Time elapsed time: 26.729995 seconds (0d 0h 0m 26s)

---------------  T H R E A D  ---------------

Current thread (0x000001754786d990):  JavaThread "C2 CompilerThread2" daemon [_thread_in_native, id=28044, stack(0x0000006705f00000,0x0000006706000000) (1024K)]


Current CompileTask:
C2:26730 2820       4       jdk.internal.module.SystemModuleFinders$SystemModuleReader::find (59 bytes)

Stack: [0x0000006705f00000,0x0000006706000000]
Native frames: (J=compiled Java code, j=interpreted, Vv=VM code, C=native code)
V  [jvm.dll+0x6cdee9]
V  [jvm.dll+0x8a83d1]
V  [jvm.dll+0x8aa8fe]
V  [jvm.dll+0x8aafe3]
V  [jvm.dll+0x27f706]
V  [jvm.dll+0xc500d]
V  [jvm.dll+0xc5543]
V  [jvm.dll+0x3b6752]
V  [jvm.dll+0x1dfe13]
V  [jvm.dll+0x247b42]
V  [jvm.dll+0x246fcf]
V  [jvm.dll+0x1c75ee]
V  [jvm.dll+0x25685a]
V  [jvm.dll+0x254dfa]
V  [jvm.dll+0x3f0256]
V  [jvm.dll+0x851f8b]
V  [jvm.dll+0x6cc5ed]
C  [ucrtbase.dll+0x37b0]
C  [KERNEL32.DLL+0x2e8d7]
C  [ntdll.dll+0xb14fc]


---------------  P R O C E S S  ---------------

Threads class SMR info:
_java_thread_list=0x0000017547ffb1e0, length=20, elements={
0x000001756b1a1180, 0x00000175426844b0, 0x000001757f58e1f0, 0x00000175426876d0,
0x000001754268c130, 0x0000017542697690, 0x000001754269caf0, 0x00000175426a6090,
0x00000175426a8b50, 0x000001754278a7f0, 0x00000175429f2250, 0x0000017547ada710,
0x0000017547201160, 0x00000175472017c0, 0x00000175426d8860, 0x0000017547aa5780,
0x0000017547a3af30, 0x0000017547a96060, 0x000001754786d2c0, 0x000001754786d990
}

Java Threads: ( => current thread )
  0x000001756b1a1180 JavaThread "main"                              [_thread_blocked, id=9716, stack(0x0000006703f00000,0x0000006704000000) (1024K)]
  0x00000175426844b0 JavaThread "Reference Handler"          daemon [_thread_blocked, id=25916, stack(0x0000006704300000,0x0000006704400000) (1024K)]
  0x000001757f58e1f0 JavaThread "Finalizer"                  daemon [_thread_blocked, id=16940, stack(0x0000006704400000,0x0000006704500000) (1024K)]
  0x00000175426876d0 JavaThread "Signal Dispatcher"          daemon [_thread_blocked, id=30760, stack(0x0000006704500000,0x0000006704600000) (1024K)]
  0x000001754268c130 JavaThread "Attach Listener"            daemon [_thread_blocked, id=39992, stack(0x0000006704600000,0x0000006704700000) (1024K)]
  0x0000017542697690 JavaThread "Service Thread"             daemon [_thread_blocked, id=36588, stack(0x0000006704700000,0x0000006704800000) (1024K)]
  0x000001754269caf0 JavaThread "Monitor Deflation Thread"   daemon [_thread_blocked, id=20088, stack(0x0000006704800000,0x0000006704900000) (1024K)]
  0x00000175426a6090 JavaThread "C2 CompilerThread0"         daemon [_thread_in_native, id=21364, stack(0x0000006704900000,0x0000006704a00000) (1024K)]
  0x00000175426a8b50 JavaThread "C1 CompilerThread0"         daemon [_thread_blocked, id=24852, stack(0x0000006704a00000,0x0000006704b00000) (1024K)]
  0x000001754278a7f0 JavaThread "Common-Cleaner"             daemon [_thread_blocked, id=5536, stack(0x0000006704b00000,0x0000006704c00000) (1024K)]
  0x00000175429f2250 JavaThread "Notification Thread"        daemon [_thread_blocked, id=38548, stack(0x0000006704d00000,0x0000006704e00000) (1024K)]
  0x0000017547ada710 JavaThread "Active Thread: Equinox Container: cfb885f5-6fea-4a0b-b8f0-ac89987d76e8"        [_thread_blocked, id=31740, stack(0x0000006705500000,0x0000006705600000) (1024K)]
  0x0000017547201160 JavaThread "Framework Event Dispatcher: Equinox Container: cfb885f5-6fea-4a0b-b8f0-ac89987d76e8" daemon [_thread_blocked, id=36948, stack(0x0000006704c00000,0x0000006704d00000) (1024K)]
  0x00000175472017c0 JavaThread "Start Level: Equinox Container: cfb885f5-6fea-4a0b-b8f0-ac89987d76e8" daemon [_thread_in_vm, id=38724, stack(0x0000006704e00000,0x0000006704f00000) (1024K)]
  0x00000175426d8860 JavaThread "SCR Component Actor"        daemon [_thread_blocked, id=14348, stack(0x0000006705600000,0x0000006705700000) (1024K)]
  0x0000017547aa5780 JavaThread "Worker-JM"                         [_thread_blocked, id=30432, stack(0x0000006705900000,0x0000006705a00000) (1024K)]
  0x0000017547a3af30 JavaThread "Worker-0"                          [_thread_blocked, id=16140, stack(0x0000006705d00000,0x0000006705e00000) (1024K)]
  0x0000017547a96060 JavaThread "Worker-1"                          [_thread_blocked, id=39324, stack(0x0000006705e00000,0x0000006705f00000) (1024K)]
  0x000001754786d2c0 JavaThread "C2 CompilerThread1"         daemon [_thread_in_native, id=39404, stack(0x0000006705c00000,0x0000006705d00000) (1024K)]
=>0x000001754786d990 JavaThread "C2 CompilerThread2"         daemon [_thread_in_native, id=28044, stack(0x0000006705f00000,0x0000006706000000) (1024K)]
Total: 20

Other Threads:
  0x000001757f5748a0 VMThread "VM Thread"                           [id=37656, stack(0x0000006704200000,0x0000006704300000) (1024K)]
  0x000001756b20e980 WatcherThread "VM Periodic Task Thread"        [id=38580, stack(0x0000006704100000,0x0000006704200000) (1024K)]
  0x000001756b1bf930 WorkerThread "GC Thread#0"                     [id=22576, stack(0x0000006704000000,0x0000006704100000) (1024K)]
  0x0000017547833070 WorkerThread "GC Thread#1"                     [id=36824, stack(0x0000006704f00000,0x0000006705000000) (1024K)]
  0x0000017542a29550 WorkerThread "GC Thread#2"                     [id=10308, stack(0x0000006705000000,0x0000006705100000) (1024K)]
  0x00000175479d41f0 WorkerThread "GC Thread#3"                     [id=19188, stack(0x0000006705100000,0x0000006705200000) (1024K)]
  0x00000175479d4590 WorkerThread "GC Thread#4"                     [id=36736, stack(0x0000006705200000,0x0000006705300000) (1024K)]
  0x00000175479a8040 WorkerThread "GC Thread#5"                     [id=1988, stack(0x0000006705300000,0x0000006705400000) (1024K)]
  0x00000175478292a0 WorkerThread "GC Thread#6"                     [id=11788, stack(0x0000006705400000,0x0000006705500000) (1024K)]
  0x0000017547829640 WorkerThread "GC Thread#7"                     [id=42728, stack(0x0000006705700000,0x0000006705800000) (1024K)]
  0x00000175478287c0 WorkerThread "GC Thread#8"                     [id=22424, stack(0x0000006705a00000,0x0000006705b00000) (1024K)]
  0x00000175478299e0 WorkerThread "GC Thread#9"                     [id=27412, stack(0x0000006705b00000,0x0000006705c00000) (1024K)]
Total: 12

Threads with active compile tasks:
C2 CompilerThread0  29778 2551       4       org.lombokweb.asm.ClassReader::readMethod (1070 bytes)
C2 CompilerThread1  29778 2821       4       jdk.internal.module.SystemModuleFinders$SystemModuleReader::containsImageLocation (42 bytes)
C2 CompilerThread2  29779 2820       4       jdk.internal.module.SystemModuleFinders$SystemModuleReader::find (59 bytes)
Total: 3

VM state: not at safepoint (normal execution)

VM Mutex/Monitor currently owned by a thread:  ([mutex/lock_event])
[0x00007ff86b18c300] Metaspace_lock - owner thread: 0x00000175472017c0

Heap address: 0x00000000c0000000, size: 1024 MB, Compressed Oops mode: 32-bit

CDS archive(s) mapped at: [0x0000017500000000-0x0000017500ba0000-0x0000017500ba0000), size 12189696, SharedBaseAddress: 0x0000017500000000, ArchiveRelocationMode: 1.
Compressed class space mapped at: 0x0000017501000000-0x0000017541000000, reserved size: 1073741824
Narrow klass base: 0x0000017500000000, Narrow klass shift: 0, Narrow klass range: 0x100000000

GC Precious Log:
 CardTable entry size: 512
 CPUs: 12 total, 12 available
 Memory: 16036M
 Large Page Support: Disabled
 NUMA Support: Disabled
 Compressed Oops: Enabled (32-bit)
 Alignments: Space 512K, Generation 512K, Heap 2M
 Heap Min Capacity: 100M
 Heap Initial Capacity: 100M
 Heap Max Capacity: 1G
 Pre-touch: Disabled
 Parallel Workers: 10

Heap:
 PSYoungGen      total 30720K, used 10354K [0x00000000eab00000, 0x00000000ed080000, 0x0000000100000000)
  eden space 24576K, 42% used [0x00000000eab00000,0x00000000eb51c980,0x00000000ec300000)
  from space 6144K, 0% used [0x00000000ec980000,0x00000000ec980000,0x00000000ecf80000)
  to   space 6656K, 0% used [0x00000000ec300000,0x00000000ec300000,0x00000000ec980000)
 ParOldGen       total 68608K, used 10605K [0x00000000c0000000, 0x00000000c4300000, 0x00000000eab00000)
  object space 68608K, 15% used [0x00000000c0000000,0x00000000c0a5b5d0,0x00000000c4300000)
 Metaspace       used 23019K, committed 23616K, reserved 1114112K
  class space    used 2130K, committed 2368K, reserved 1048576K

Card table byte_map: [0x000001756ab40000,0x000001756ad50000] _byte_map_base: 0x000001756a540000

Marking Bits: (ParMarkBitMap*) 0x00007ff86b193260
 Begin Bits: [0x000001757d390000, 0x000001757e390000)
 End Bits:   [0x000001757e390000, 0x000001757f390000)

Polling page: 0x0000017568fa0000

Metaspace:

Usage:
  Non-class:     20.40 MB used.
      Class:      2.08 MB used.
       Both:     22.48 MB used.

Virtual space:
  Non-class space:       64.00 MB reserved,      20.75 MB ( 32%) committed,  1 nodes.
      Class space:        1.00 GB reserved,       2.31 MB ( <1%) committed,  1 nodes.
             Both:        1.06 GB reserved,      23.06 MB (  2%) committed. 

Chunk freelists:
   Non-Class:  10.79 MB
       Class:  13.58 MB
        Both:  24.37 MB

MaxMetaspaceSize: unlimited
CompressedClassSpaceSize: 1.00 GB
Initial GC threshold: 21.00 MB
Current GC threshold: 35.00 MB
CDS: on
 - commit_granule_bytes: 65536.
 - commit_granule_words: 8192.
 - virtual_space_node_default_size: 8388608.
 - enlarge_chunks_in_place: 1.
 - use_allocation_guard: 0.


Internal statistics:

num_allocs_failed_limit: 3.
num_arena_births: 472.
num_arena_deaths: 14.
num_vsnodes_births: 2.
num_vsnodes_deaths: 0.
num_space_committed: 369.
num_space_uncommitted: 0.
num_chunks_returned_to_freelist: 17.
num_chunks_taken_from_freelist: 1282.
num_chunk_merges: 6.
num_chunk_splits: 865.
num_chunks_enlarged: 556.
num_inconsistent_stats: 0.

CodeHeap 'non-profiled nmethods': size=120000Kb used=1225Kb max_used=1225Kb free=118774Kb
 bounds [0x0000017575e60000, 0x00000175760d0000, 0x000001757d390000]
CodeHeap 'profiled nmethods': size=120000Kb used=5713Kb max_used=5713Kb free=114286Kb
 bounds [0x000001756e390000, 0x000001756e930000, 0x00000175758c0000]
CodeHeap 'non-nmethods': size=5760Kb used=1338Kb max_used=1338Kb free=4421Kb
 bounds [0x00000175758c0000, 0x0000017575b30000, 0x0000017575e60000]
 total_blobs=3464 nmethods=2863 adapters=505
 compilation: enabled
              stopped_count=0, restarted_count=0
 full_count=0

Compilation events (20 events):
Event: 20.604 Thread 0x00000175426a8b50 2863       3       com.sun.org.apache.xerces.internal.util.XMLChar::isNameStart (22 bytes)
Event: 20.605 Thread 0x00000175426a8b50 nmethod 2863 0x000001756e920f90 code [0x000001756e921140, 0x000001756e9212e8]
Event: 20.605 Thread 0x00000175426a8b50 2864       3       com.sun.org.apache.xerces.internal.dom.NodeImpl::isNormalized (17 bytes)
Event: 20.606 Thread 0x00000175426a8b50 nmethod 2864 0x000001756e921390 code [0x000001756e921520, 0x000001756e921688]
Event: 20.606 Thread 0x00000175426a8b50 2865       1       com.sun.org.apache.xerces.internal.dom.DocumentImpl::getMutationEvents (5 bytes)
Event: 20.606 Thread 0x00000175426a8b50 nmethod 2865 0x0000017575f91e90 code [0x0000017575f92020, 0x0000017575f920f0]
Event: 20.620 Thread 0x00000175426a8b50 2866       1       java.lang.reflect.Constructor::getDeclaringClass (5 bytes)
Event: 20.621 Thread 0x00000175426a8b50 nmethod 2866 0x0000017575f92190 code [0x0000017575f92320, 0x0000017575f923e8]
Event: 21.963 Thread 0x00000175426a8b50 2867       3       java.util.concurrent.locks.AbstractQueuedSynchronizer$Node::clearStatus (12 bytes)
Event: 22.652 Thread 0x00000175426a8b50 nmethod 2867 0x000001756e921710 code [0x000001756e9218c0, 0x000001756e921a78]
Event: 22.652 Thread 0x00000175426a8b50 2868       3       jdk.internal.misc.Unsafe::putIntOpaque (9 bytes)
Event: 22.652 Thread 0x00000175426a8b50 nmethod 2868 0x000001756e921b10 code [0x000001756e921ca0, 0x000001756e921db8]
Event: 22.652 Thread 0x00000175426a8b50 2869   !   3       java.util.concurrent.locks.LockSupport::parkNanos (56 bytes)
Event: 22.653 Thread 0x00000175426a8b50 nmethod 2869 0x000001756e921e90 code [0x000001756e9220a0, 0x000001756e9224e0]
Event: 22.656 Thread 0x00000175426a8b50 2870       3       jdk.xml.internal.SecuritySupport$$Lambda/0x00000175010c7d78::run (8 bytes)
Event: 22.657 Thread 0x00000175426a8b50 nmethod 2870 0x000001756e922690 code [0x000001756e922880, 0x000001756e922c48]
Event: 22.657 Thread 0x00000175426a8b50 2871       3       jdk.xml.internal.SecuritySupport::lambda$getSystemProperty$0 (5 bytes)
Event: 22.659 Thread 0x00000175426a8b50 nmethod 2871 0x000001756e922e10 code [0x000001756e922fe0, 0x000001756e923338]
Event: 23.334 Thread 0x00000175426a8b50 2872       3       jdk.internal.misc.Unsafe::weakCompareAndSetReference (11 bytes)
Event: 23.334 Thread 0x00000175426a8b50 nmethod 2872 0x000001756e923490 code [0x000001756e923620, 0x000001756e923760]

GC Heap History (14 events):
Event: 1.762 GC heap before
{Heap before GC invocations=1 (full 0):
 PSYoungGen      total 29696K, used 25600K [0x00000000eab00000, 0x00000000ecc00000, 0x0000000100000000)
  eden space 25600K, 100% used [0x00000000eab00000,0x00000000ec400000,0x00000000ec400000)
  from space 4096K, 0% used [0x00000000ec800000,0x00000000ec800000,0x00000000ecc00000)
  to   space 4096K, 0% used [0x00000000ec400000,0x00000000ec400000,0x00000000ec800000)
 ParOldGen       total 68608K, used 0K [0x00000000c0000000, 0x00000000c4300000, 0x00000000eab00000)
  object space 68608K, 0% used [0x00000000c0000000,0x00000000c0000000,0x00000000c4300000)
 Metaspace       used 4325K, committed 4480K, reserved 1114112K
  class space    used 437K, committed 512K, reserved 1048576K
}
Event: 1.773 GC heap after
{Heap after GC invocations=1 (full 0):
 PSYoungGen      total 29696K, used 3205K [0x00000000eab00000, 0x00000000ecc00000, 0x0000000100000000)
  eden space 25600K, 0% used [0x00000000eab00000,0x00000000eab00000,0x00000000ec400000)
  from space 4096K, 78% used [0x00000000ec400000,0x00000000ec7217f0,0x00000000ec800000)
  to   space 4096K, 0% used [0x00000000ec800000,0x00000000ec800000,0x00000000ecc00000)
 ParOldGen       total 68608K, used 16K [0x00000000c0000000, 0x00000000c4300000, 0x00000000eab00000)
  object space 68608K, 0% used [0x00000000c0000000,0x00000000c0004000,0x00000000c4300000)
 Metaspace       used 4325K, committed 4480K, reserved 1114112K
  class space    used 437K, committed 512K, reserved 1048576K
}
Event: 9.687 GC heap before
{Heap before GC invocations=2 (full 0):
 PSYoungGen      total 29696K, used 28805K [0x00000000eab00000, 0x00000000ecc00000, 0x0000000100000000)
  eden space 25600K, 100% used [0x00000000eab00000,0x00000000ec400000,0x00000000ec400000)
  from space 4096K, 78% used [0x00000000ec400000,0x00000000ec7217f0,0x00000000ec800000)
  to   space 4096K, 0% used [0x00000000ec800000,0x00000000ec800000,0x00000000ecc00000)
 ParOldGen       total 68608K, used 16K [0x00000000c0000000, 0x00000000c4300000, 0x00000000eab00000)
  object space 68608K, 0% used [0x00000000c0000000,0x00000000c0004000,0x00000000c4300000)
 Metaspace       used 8251K, committed 8576K, reserved 1114112K
  class space    used 822K, committed 960K, reserved 1048576K
}
Event: 9.698 GC heap after
{Heap after GC invocations=2 (full 0):
 PSYoungGen      total 29696K, used 4069K [0x00000000eab00000, 0x00000000ecc00000, 0x0000000100000000)
  eden space 25600K, 0% used [0x00000000eab00000,0x00000000eab00000,0x00000000ec400000)
  from space 4096K, 99% used [0x00000000ec800000,0x00000000ecbf97f0,0x00000000ecc00000)
  to   space 4096K, 0% used [0x00000000ec400000,0x00000000ec400000,0x00000000ec800000)
 ParOldGen       total 68608K, used 918K [0x00000000c0000000, 0x00000000c4300000, 0x00000000eab00000)
  object space 68608K, 1% used [0x00000000c0000000,0x00000000c00e5830,0x00000000c4300000)
 Metaspace       used 8251K, committed 8576K, reserved 1114112K
  class space    used 822K, committed 960K, reserved 1048576K
}
Event: 11.228 GC heap before
{Heap before GC invocations=3 (full 0):
 PSYoungGen      total 29696K, used 29669K [0x00000000eab00000, 0x00000000ecc00000, 0x0000000100000000)
  eden space 25600K, 100% used [0x00000000eab00000,0x00000000ec400000,0x00000000ec400000)
  from space 4096K, 99% used [0x00000000ec800000,0x00000000ecbf97f0,0x00000000ecc00000)
  to   space 4096K, 0% used [0x00000000ec400000,0x00000000ec400000,0x00000000ec800000)
 ParOldGen       total 68608K, used 918K [0x00000000c0000000, 0x00000000c4300000, 0x00000000eab00000)
  object space 68608K, 1% used [0x00000000c0000000,0x00000000c00e5830,0x00000000c4300000)
 Metaspace       used 13019K, committed 13504K, reserved 1114112K
  class space    used 1318K, committed 1536K, reserved 1048576K
}
Event: 11.239 GC heap after
{Heap after GC invocations=3 (full 0):
 PSYoungGen      total 29696K, used 4093K [0x00000000eab00000, 0x00000000ecc00000, 0x0000000100000000)
  eden space 25600K, 0% used [0x00000000eab00000,0x00000000eab00000,0x00000000ec400000)
  from space 4096K, 99% used [0x00000000ec400000,0x00000000ec7ff6e8,0x00000000ec800000)
  to   space 4096K, 0% used [0x00000000ec800000,0x00000000ec800000,0x00000000ecc00000)
 ParOldGen       total 68608K, used 2779K [0x00000000c0000000, 0x00000000c4300000, 0x00000000eab00000)
  object space 68608K, 4% used [0x00000000c0000000,0x00000000c02b6c38,0x00000000c4300000)
 Metaspace       used 13019K, committed 13504K, reserved 1114112K
  class space    used 1318K, committed 1536K, reserved 1048576K
}
Event: 13.099 GC heap before
{Heap before GC invocations=4 (full 0):
 PSYoungGen      total 29696K, used 29693K [0x00000000eab00000, 0x00000000ecc00000, 0x0000000100000000)
  eden space 25600K, 100% used [0x00000000eab00000,0x00000000ec400000,0x00000000ec400000)
  from space 4096K, 99% used [0x00000000ec400000,0x00000000ec7ff6e8,0x00000000ec800000)
  to   space 4096K, 0% used [0x00000000ec800000,0x00000000ec800000,0x00000000ecc00000)
 ParOldGen       total 68608K, used 2779K [0x00000000c0000000, 0x00000000c4300000, 0x00000000eab00000)
  object space 68608K, 4% used [0x00000000c0000000,0x00000000c02b6c38,0x00000000c4300000)
 Metaspace       used 15822K, committed 16448K, reserved 1114112K
  class space    used 1584K, committed 1856K, reserved 1048576K
}
Event: 13.103 GC heap after
{Heap after GC invocations=4 (full 0):
 PSYoungGen      total 29696K, used 4064K [0x00000000eab00000, 0x00000000ecc00000, 0x0000000100000000)
  eden space 25600K, 0% used [0x00000000eab00000,0x00000000eab00000,0x00000000ec400000)
  from space 4096K, 99% used [0x00000000ec800000,0x00000000ecbf81f8,0x00000000ecc00000)
  to   space 4096K, 0% used [0x00000000ec400000,0x00000000ec400000,0x00000000ec800000)
 ParOldGen       total 68608K, used 5114K [0x00000000c0000000, 0x00000000c4300000, 0x00000000eab00000)
  object space 68608K, 7% used [0x00000000c0000000,0x00000000c04fe850,0x00000000c4300000)
 Metaspace       used 15822K, committed 16448K, reserved 1114112K
  class space    used 1584K, committed 1856K, reserved 1048576K
}
Event: 13.577 GC heap before
{Heap before GC invocations=5 (full 0):
 PSYoungGen      total 29696K, used 28994K [0x00000000eab00000, 0x00000000ecc00000, 0x0000000100000000)
  eden space 25600K, 97% used [0x00000000eab00000,0x00000000ec358740,0x00000000ec400000)
  from space 4096K, 99% used [0x00000000ec800000,0x00000000ecbf81f8,0x00000000ecc00000)
  to   space 4096K, 0% used [0x00000000ec400000,0x00000000ec400000,0x00000000ec800000)
 ParOldGen       total 68608K, used 5114K [0x00000000c0000000, 0x00000000c4300000, 0x00000000eab00000)
  object space 68608K, 7% used [0x00000000c0000000,0x00000000c04fe850,0x00000000c4300000)
 Metaspace       used 20014K, committed 20672K, reserved 1114112K
  class space    used 1886K, committed 2176K, reserved 1048576K
}
Event: 13.582 GC heap after
{Heap after GC invocations=5 (full 0):
 PSYoungGen      total 29184K, used 4072K [0x00000000eab00000, 0x00000000ecf80000, 0x0000000100000000)
  eden space 25088K, 0% used [0x00000000eab00000,0x00000000eab00000,0x00000000ec380000)
  from space 4096K, 99% used [0x00000000ec400000,0x00000000ec7fa368,0x00000000ec800000)
  to   space 6144K, 0% used [0x00000000ec980000,0x00000000ec980000,0x00000000ecf80000)
 ParOldGen       total 68608K, used 6461K [0x00000000c0000000, 0x00000000c4300000, 0x00000000eab00000)
  object space 68608K, 9% used [0x00000000c0000000,0x00000000c064f540,0x00000000c4300000)
 Metaspace       used 20014K, committed 20672K, reserved 1114112K
  class space    used 1886K, committed 2176K, reserved 1048576K
}
Event: 14.969 GC heap before
{Heap before GC invocations=6 (full 0):
 PSYoungGen      total 29184K, used 25119K [0x00000000eab00000, 0x00000000ecf80000, 0x0000000100000000)
  eden space 25088K, 83% used [0x00000000eab00000,0x00000000ebf8dc90,0x00000000ec380000)
  from space 4096K, 99% used [0x00000000ec400000,0x00000000ec7fa368,0x00000000ec800000)
  to   space 6144K, 0% used [0x00000000ec980000,0x00000000ec980000,0x00000000ecf80000)
 ParOldGen       total 68608K, used 6461K [0x00000000c0000000, 0x00000000c4300000, 0x00000000eab00000)
  object space 68608K, 9% used [0x00000000c0000000,0x00000000c064f540,0x00000000c4300000)
 Metaspace       used 20950K, committed 21504K, reserved 1114112K
  class space    used 1932K, committed 2176K, reserved 1048576K
}
Event: 14.976 GC heap after
{Heap after GC invocations=6 (full 0):
 PSYoungGen      total 30720K, used 6088K [0x00000000eab00000, 0x00000000ed080000, 0x0000000100000000)
  eden space 24576K, 0% used [0x00000000eab00000,0x00000000eab00000,0x00000000ec300000)
  from space 6144K, 99% used [0x00000000ec980000,0x00000000ecf720a8,0x00000000ecf80000)
  to   space 6656K, 0% used [0x00000000ec300000,0x00000000ec300000,0x00000000ec980000)
 ParOldGen       total 68608K, used 6469K [0x00000000c0000000, 0x00000000c4300000, 0x00000000eab00000)
  object space 68608K, 9% used [0x00000000c0000000,0x00000000c0651540,0x00000000c4300000)
 Metaspace       used 20950K, committed 21504K, reserved 1114112K
  class space    used 1932K, committed 2176K, reserved 1048576K
}
Event: 14.976 GC heap before
{Heap before GC invocations=7 (full 1):
 PSYoungGen      total 30720K, used 6088K [0x00000000eab00000, 0x00000000ed080000, 0x0000000100000000)
  eden space 24576K, 0% used [0x00000000eab00000,0x00000000eab00000,0x00000000ec300000)
  from space 6144K, 99% used [0x00000000ec980000,0x00000000ecf720a8,0x00000000ecf80000)
  to   space 6656K, 0% used [0x00000000ec300000,0x00000000ec300000,0x00000000ec980000)
 ParOldGen       total 68608K, used 6469K [0x00000000c0000000, 0x00000000c4300000, 0x00000000eab00000)
  object space 68608K, 9% used [0x00000000c0000000,0x00000000c0651540,0x00000000c4300000)
 Metaspace       used 20950K, committed 21504K, reserved 1114112K
  class space    used 1932K, committed 2176K, reserved 1048576K
}
Event: 15.023 GC heap after
{Heap after GC invocations=7 (full 1):
 PSYoungGen      total 30720K, used 0K [0x00000000eab00000, 0x00000000ed080000, 0x0000000100000000)
  eden space 24576K, 0% used [0x00000000eab00000,0x00000000eab00000,0x00000000ec300000)
  from space 6144K, 0% used [0x00000000ec980000,0x00000000ec980000,0x00000000ecf80000)
  to   space 6656K, 0% used [0x00000000ec300000,0x00000000ec300000,0x00000000ec980000)
 ParOldGen       total 68608K, used 10605K [0x00000000c0000000, 0x00000000c4300000, 0x00000000eab00000)
  object space 68608K, 15% used [0x00000000c0000000,0x00000000c0a5b5d0,0x00000000c4300000)
 Metaspace       used 20937K, committed 21504K, reserved 1114112K
  class space    used 1929K, committed 2176K, reserved 1048576K
}

Dll operation events (11 events):
Event: 0.025 Loaded shared library c:\Users\23362995\.vscode\extensions\redhat.java-1.41.1-win32-x64\jre\21.0.6-win32-x86_64\bin\java.dll
Event: 0.175 Loaded shared library c:\Users\23362995\.vscode\extensions\redhat.java-1.41.1-win32-x64\jre\21.0.6-win32-x86_64\bin\zip.dll
Event: 0.227 Loaded shared library C:\Users\23362995\.vscode\extensions\redhat.java-1.41.1-win32-x64\jre\21.0.6-win32-x86_64\bin\instrument.dll
Event: 0.242 Loaded shared library C:\Users\23362995\.vscode\extensions\redhat.java-1.41.1-win32-x64\jre\21.0.6-win32-x86_64\bin\net.dll
Event: 0.248 Loaded shared library C:\Users\23362995\.vscode\extensions\redhat.java-1.41.1-win32-x64\jre\21.0.6-win32-x86_64\bin\nio.dll
Event: 0.263 Loaded shared library C:\Users\23362995\.vscode\extensions\redhat.java-1.41.1-win32-x64\jre\21.0.6-win32-x86_64\bin\zip.dll
Event: 0.329 Loaded shared library C:\Users\23362995\.vscode\extensions\redhat.java-1.41.1-win32-x64\jre\21.0.6-win32-x86_64\bin\jimage.dll
Event: 0.494 Loaded shared library c:\Users\23362995\.vscode\extensions\redhat.java-1.41.1-win32-x64\jre\21.0.6-win32-x86_64\bin\verify.dll
Event: 9.534 Loaded shared library C:\Users\23362995\AppData\Roaming\Code\User\globalStorage\redhat.java\1.41.1\config_ss_win\org.eclipse.equinox.launcher\org.eclipse.equinox.launcher.win32.win32.x86_64_1.2.1300.v20250331-1702\eclipse_11911.dll
Event: 11.204 Loaded shared library C:\Users\23362995\.vscode\extensions\redhat.java-1.41.1-win32-x64\jre\21.0.6-win32-x86_64\bin\management.dll
Event: 11.219 Loaded shared library C:\Users\23362995\.vscode\extensions\redhat.java-1.41.1-win32-x64\jre\21.0.6-win32-x86_64\bin\management_ext.dll

Deoptimization events (20 events):
Event: 15.035 Thread 0x00000175472017c0 Uncommon trap: trap_request=0xffffffc6 fr.pc=0x0000017575efa034 relative=0x0000000000000954
Event: 15.035 Thread 0x00000175472017c0 Uncommon trap: reason=bimorphic_or_optimized_type_check action=maybe_recompile pc=0x0000017575efa034 method=java.util.HashMap.putVal(ILjava/lang/Object;Ljava/lang/Object;ZZ)Ljava/lang/Object; @ 56 c2
Event: 15.035 Thread 0x00000175472017c0 DEOPT PACKING pc=0x0000017575efa034 sp=0x0000006704efd970
Event: 15.035 Thread 0x00000175472017c0 DEOPT UNPACKING pc=0x0000017575913aa2 sp=0x0000006704efd870 mode 2
Event: 15.035 Thread 0x00000175472017c0 Uncommon trap: trap_request=0xffffffc6 fr.pc=0x0000017575efa034 relative=0x0000000000000954
Event: 15.035 Thread 0x00000175472017c0 Uncommon trap: reason=bimorphic_or_optimized_type_check action=maybe_recompile pc=0x0000017575efa034 method=java.util.HashMap.putVal(ILjava/lang/Object;Ljava/lang/Object;ZZ)Ljava/lang/Object; @ 56 c2
Event: 15.035 Thread 0x00000175472017c0 DEOPT PACKING pc=0x0000017575efa034 sp=0x0000006704efd970
Event: 15.035 Thread 0x00000175472017c0 DEOPT UNPACKING pc=0x0000017575913aa2 sp=0x0000006704efd870 mode 2
Event: 15.035 Thread 0x00000175472017c0 Uncommon trap: trap_request=0xffffffc6 fr.pc=0x0000017575efa034 relative=0x0000000000000954
Event: 15.035 Thread 0x00000175472017c0 Uncommon trap: reason=bimorphic_or_optimized_type_check action=maybe_recompile pc=0x0000017575efa034 method=java.util.HashMap.putVal(ILjava/lang/Object;Ljava/lang/Object;ZZ)Ljava/lang/Object; @ 56 c2
Event: 15.035 Thread 0x00000175472017c0 DEOPT PACKING pc=0x0000017575efa034 sp=0x0000006704efd970
Event: 15.035 Thread 0x00000175472017c0 DEOPT UNPACKING pc=0x0000017575913aa2 sp=0x0000006704efd870 mode 2
Event: 15.035 Thread 0x00000175472017c0 Uncommon trap: trap_request=0xffffffc6 fr.pc=0x0000017575e70c00 relative=0x00000000000008c0
Event: 15.035 Thread 0x00000175472017c0 Uncommon trap: reason=bimorphic_or_optimized_type_check action=maybe_recompile pc=0x0000017575e70c00 method=java.util.HashMap.putVal(ILjava/lang/Object;Ljava/lang/Object;ZZ)Ljava/lang/Object; @ 56 c2
Event: 15.035 Thread 0x00000175472017c0 DEOPT PACKING pc=0x0000017575e70c00 sp=0x0000006704efd8e0
Event: 15.035 Thread 0x00000175472017c0 DEOPT UNPACKING pc=0x0000017575913aa2 sp=0x0000006704efd878 mode 2
Event: 15.062 Thread 0x00000175472017c0 Uncommon trap: trap_request=0xffffff45 fr.pc=0x0000017575f72ee0 relative=0x00000000000009e0
Event: 15.062 Thread 0x00000175472017c0 Uncommon trap: reason=unstable_if action=reinterpret pc=0x0000017575f72ee0 method=java.util.regex.Pattern$BmpCharPropertyGreedy.match(Ljava/util/regex/Matcher;ILjava/lang/CharSequence;)Z @ 12 c2
Event: 15.062 Thread 0x00000175472017c0 DEOPT PACKING pc=0x0000017575f72ee0 sp=0x0000006704efd640
Event: 15.062 Thread 0x00000175472017c0 DEOPT UNPACKING pc=0x0000017575913aa2 sp=0x0000006704efd508 mode 2

Classes loaded (20 events):
Event: 22.672 Loading class com/sun/org/apache/xml/internal/serializer/ExtendedContentHandler done
Event: 22.672 Loading class com/sun/org/apache/xml/internal/serializer/ExtendedLexicalHandler
Event: 22.672 Loading class org/xml/sax/ext/LexicalHandler
Event: 22.672 Loading class org/xml/sax/ext/LexicalHandler done
Event: 22.673 Loading class com/sun/org/apache/xml/internal/serializer/ExtendedLexicalHandler done
Event: 22.673 Loading class com/sun/org/apache/xml/internal/serializer/XSLOutputAttributes
Event: 22.673 Loading class com/sun/org/apache/xml/internal/serializer/XSLOutputAttributes done
Event: 22.673 Loading class org/xml/sax/ext/DeclHandler
Event: 22.673 Loading class org/xml/sax/ext/DeclHandler done
Event: 22.673 Loading class com/sun/org/apache/xml/internal/serializer/DOMSerializer
Event: 22.673 Loading class com/sun/org/apache/xml/internal/serializer/DOMSerializer done
Event: 22.673 Loading class com/sun/org/apache/xml/internal/serializer/Serializer
Event: 22.673 Loading class com/sun/org/apache/xml/internal/serializer/Serializer done
Event: 22.674 Loading class com/sun/org/apache/xml/internal/serializer/SerializationHandler done
Event: 22.674 Loading class com/sun/org/apache/xml/internal/serializer/SerializerConstants
Event: 22.674 Loading class com/sun/org/apache/xml/internal/serializer/SerializerConstants done
Event: 22.675 Loading class com/sun/org/apache/xml/internal/serializer/SerializerBase done
Event: 22.676 Loading class com/sun/org/apache/xml/internal/serializer/ToStream done
Event: 22.676 Loading class com/sun/org/apache/xml/internal/serializer/ToXMLStream done
Event: 22.677 Loading class com/sun/org/apache/xml/internal/serializer/CharInfo

Classes unloaded (7 events):
Event: 14.988 Thread 0x000001757f5748a0 Unloading class 0x0000017501184c00 'java/lang/invoke/LambdaForm$MH+0x0000017501184c00'
Event: 14.988 Thread 0x000001757f5748a0 Unloading class 0x0000017501184800 'java/lang/invoke/LambdaForm$MH+0x0000017501184800'
Event: 14.988 Thread 0x000001757f5748a0 Unloading class 0x0000017501184400 'java/lang/invoke/LambdaForm$MH+0x0000017501184400'
Event: 14.988 Thread 0x000001757f5748a0 Unloading class 0x0000017501184000 'java/lang/invoke/LambdaForm$MH+0x0000017501184000'
Event: 14.988 Thread 0x000001757f5748a0 Unloading class 0x0000017501183c00 'java/lang/invoke/LambdaForm$BMH+0x0000017501183c00'
Event: 14.988 Thread 0x000001757f5748a0 Unloading class 0x0000017501183800 'java/lang/invoke/LambdaForm$DMH+0x0000017501183800'
Event: 14.988 Thread 0x000001757f5748a0 Unloading class 0x0000017501182400 'java/lang/invoke/LambdaForm$DMH+0x0000017501182400'

Classes redefined (0 events):
No events

Internal exceptions (20 events):
Event: 11.601 Thread 0x0000017547a3af30 Exception <a 'java/lang/NoSuchMethodError'{0x00000000eb240ff8}: 'java.lang.Object java.lang.invoke.DirectMethodHandle$Holder.newInvokeSpecial(java.lang.Object, java.lang.Object, int, java.lang.Object)'> (0x00000000eb240ff8) 
thrown [s\src\hotspot\share\interpreter\linkResolver.cpp, line 773]
Event: 11.654 Thread 0x00000175472017c0 Exception <a 'java/lang/NoSuchMethodError'{0x00000000eb421530}: 'void java.lang.invoke.DirectMethodHandle$Holder.invokeSpecial(java.lang.Object, java.lang.Object, java.lang.Object, java.lang.Object, java.lang.Object)'> (0x00000000eb421530) 
thrown [s\src\hotspot\share\interpreter\linkResolver.cpp, line 773]
Event: 11.743 Thread 0x00000175472017c0 Exception <a 'java/lang/NoSuchMethodError'{0x00000000eb647268}: 'double java.lang.invoke.DirectMethodHandle$Holder.invokeStatic(java.lang.Object, java.lang.Object)'> (0x00000000eb647268) 
thrown [s\src\hotspot\share\interpreter\linkResolver.cpp, line 773]
Event: 11.745 Thread 0x00000175472017c0 Exception <a 'java/lang/NoSuchMethodError'{0x00000000eb64a928}: 'double java.lang.invoke.DirectMethodHandle$Holder.invokeStaticInit(java.lang.Object, java.lang.Object)'> (0x00000000eb64a928) 
thrown [s\src\hotspot\share\interpreter\linkResolver.cpp, line 773]
Event: 13.140 Thread 0x00000175472017c0 Exception <a 'java/io/FileNotFoundException'{0x00000000ead4b188}> (0x00000000ead4b188) 
thrown [s\src\hotspot\share\prims\jni.cpp, line 520]
Event: 13.140 Thread 0x00000175472017c0 Exception <a 'java/io/FileNotFoundException'{0x00000000ead4bfd0}> (0x00000000ead4bfd0) 
thrown [s\src\hotspot\share\prims\jni.cpp, line 520]
Event: 13.141 Thread 0x00000175472017c0 Exception <a 'java/io/FileNotFoundException'{0x00000000ead4cf20}> (0x00000000ead4cf20) 
thrown [s\src\hotspot\share\prims\jni.cpp, line 520]
Event: 13.421 Thread 0x00000175472017c0 Exception <a 'java/lang/NoSuchMethodError'{0x00000000eb709ef0}: 'int java.lang.invoke.DirectMethodHandle$Holder.invokeStaticInit(java.lang.Object, java.lang.Object, java.lang.Object)'> (0x00000000eb709ef0) 
thrown [s\src\hotspot\share\interpreter\linkResolver.cpp, line 773]
Event: 13.485 Thread 0x00000175472017c0 Implicit null exception at 0x0000017575f6b6f5 to 0x0000017575f6b7d0
Event: 13.583 Thread 0x00000175472017c0 Exception <a 'java/io/FileNotFoundException'{0x00000000eabc4088}> (0x00000000eabc4088) 
thrown [s\src\hotspot\share\prims\jni.cpp, line 520]
Event: 13.584 Thread 0x00000175472017c0 Exception <a 'java/lang/NoSuchMethodError'{0x00000000eabcb908}: 'java.lang.Object java.lang.invoke.DirectMethodHandle$Holder.newInvokeSpecial(java.lang.Object, int, java.lang.Object, java.lang.Object)'> (0x00000000eabcb908) 
thrown [s\src\hotspot\share\interpreter\linkResolver.cpp, line 773]
Event: 13.624 Thread 0x00000175472017c0 Exception <a 'java/io/FileNotFoundException'{0x00000000eb5dee50}> (0x00000000eb5dee50) 
thrown [s\src\hotspot\share\prims\jni.cpp, line 520]
Event: 14.896 Thread 0x00000175472017c0 Exception <a 'java/io/FileNotFoundException'{0x00000000ebdb6108}> (0x00000000ebdb6108) 
thrown [s\src\hotspot\share\prims\jni.cpp, line 520]
Event: 15.050 Thread 0x00000175472017c0 Exception <a 'sun/nio/fs/WindowsException'{0x00000000eab98148}> (0x00000000eab98148) 
thrown [s\src\hotspot\share\prims\jni.cpp, line 520]
Event: 15.051 Thread 0x00000175472017c0 Exception <a 'sun/nio/fs/WindowsException'{0x00000000eab9bd60}> (0x00000000eab9bd60) 
thrown [s\src\hotspot\share\prims\jni.cpp, line 520]
Event: 15.078 Thread 0x00000175472017c0 Exception <a 'sun/nio/fs/WindowsException'{0x00000000eac66cf0}> (0x00000000eac66cf0) 
thrown [s\src\hotspot\share\prims\jni.cpp, line 520]
Event: 15.118 Thread 0x00000175472017c0 Exception <a 'java/lang/NoSuchMethodError'{0x00000000ead58c98}: 'java.lang.Object java.lang.invoke.DirectMethodHandle$Holder.invokeStaticInit(java.lang.Object, int, int, int, int)'> (0x00000000ead58c98) 
thrown [s\src\hotspot\share\interpreter\linkResolver.cpp, line 773]
Event: 15.185 Thread 0x00000175472017c0 Exception <a 'java/lang/NoSuchMethodError'{0x00000000eae945c8}: 'java.lang.Object java.lang.invoke.DirectMethodHandle$Holder.invokeStaticInit(java.lang.Object, java.lang.Object, int, int, int, int)'> (0x00000000eae945c8) 
thrown [s\src\hotspot\share\interpreter\linkResolver.cpp, line 773]
Event: 15.415 Thread 0x00000175472017c0 Exception <a 'sun/nio/fs/WindowsException'{0x00000000eb1a18c0}> (0x00000000eb1a18c0) 
thrown [s\src\hotspot\share\prims\jni.cpp, line 520]
Event: 15.418 Thread 0x00000175472017c0 Exception <a 'sun/nio/fs/WindowsException'{0x00000000eb1a9b90}> (0x00000000eb1a9b90) 
thrown [s\src\hotspot\share\prims\jni.cpp, line 520]

ZGC Phase Switch (0 events):
No events

VM Operations (20 events):
Event: 13.582 Executing VM operation: ParallelGCFailedAllocation (Allocation Failure) done
Event: 14.583 Executing VM operation: Cleanup
Event: 14.713 Executing VM operation: Cleanup done
Event: 14.774 Executing VM operation: HandshakeAllThreads (Deoptimize)
Event: 14.774 Executing VM operation: HandshakeAllThreads (Deoptimize) done
Event: 14.969 Executing VM operation: CollectForMetadataAllocation (Metadata GC Threshold)
Event: 15.023 Executing VM operation: CollectForMetadataAllocation (Metadata GC Threshold) done
Event: 15.033 Executing VM operation: HandshakeAllThreads (Deoptimize)
Event: 15.033 Executing VM operation: HandshakeAllThreads (Deoptimize) done
Event: 15.198 Executing VM operation: HandshakeAllThreads (Deoptimize)
Event: 15.198 Executing VM operation: HandshakeAllThreads (Deoptimize) done
Event: 15.217 Executing VM operation: HandshakeAllThreads (Deoptimize)
Event: 15.217 Executing VM operation: HandshakeAllThreads (Deoptimize) done
Event: 15.220 Executing VM operation: HandshakeAllThreads (Deoptimize)
Event: 15.220 Executing VM operation: HandshakeAllThreads (Deoptimize) done
Event: 16.223 Executing VM operation: Cleanup
Event: 17.501 Executing VM operation: Cleanup done
Event: 18.515 Executing VM operation: Cleanup
Event: 20.592 Executing VM operation: Cleanup done
Event: 23.629 Executing VM operation: Cleanup

Memory protections (0 events):
No events

Nmethod flushes (0 events):
No events

Events (20 events):
Event: 9.500 Thread 0x000001756b1a1180 Thread added: 0x0000017547201160
Event: 9.513 Thread 0x000001756b1a1180 Thread added: 0x00000175472017c0
Event: 9.623 Thread 0x00000175472017c0 Thread added: 0x00000175426d8860
Event: 9.893 Thread 0x00000175472017c0 Thread added: 0x0000017542714740
Event: 10.253 Thread 0x00000175426a6090 Thread added: 0x00000175472d85b0
Event: 10.253 Thread 0x00000175426a6090 Thread added: 0x00000175472d8c80
Event: 10.772 Thread 0x00000175472d8c80 Thread exited: 0x00000175472d8c80
Event: 10.772 Thread 0x00000175472d85b0 Thread exited: 0x00000175472d85b0
Event: 10.906 Thread 0x00000175472017c0 Thread added: 0x0000017547aa5780
Event: 11.392 Thread 0x00000175426a8b50 Thread added: 0x00000175472d9350
Event: 11.545 Thread 0x00000175472017c0 Thread added: 0x0000017547a3af30
Event: 11.601 Thread 0x00000175472017c0 Thread added: 0x0000017547a96060
Event: 12.871 Thread 0x00000175472d9350 Thread exited: 0x00000175472d9350
Event: 13.032 Thread 0x00000175426a8b50 Thread added: 0x000001754786c520
Event: 13.203 Thread 0x000001754786c520 Thread exited: 0x000001754786c520
Event: 13.661 Thread 0x00000175426a8b50 Thread added: 0x000001754786d2c0
Event: 13.661 Thread 0x00000175426a8b50 Thread added: 0x000001754786d990
Event: 14.827 Thread 0x00000175472017c0 Thread added: 0x0000017548db1290
Event: 15.091 Thread 0x0000017548db1290 Thread exited: 0x0000017548db1290
Event: 17.502 Thread 0x0000017542714740 Thread exited: 0x0000017542714740


Dynamic libraries:
0x00007ff6b3e10000 - 0x00007ff6b3e1e000 	c:\Users\23362995\.vscode\extensions\redhat.java-1.41.1-win32-x64\jre\21.0.6-win32-x86_64\bin\java.exe
0x00007ff900540000 - 0x00007ff9007a0000 	C:\WINDOWS\SYSTEM32\ntdll.dll
0x00007ff8feb10000 - 0x00007ff8febd7000 	C:\WINDOWS\System32\KERNEL32.DLL
0x00007ff8fd9f0000 - 0x00007ff8fddba000 	C:\WINDOWS\System32\KERNELBASE.dll
0x00007ff8fe1f0000 - 0x00007ff8fe33b000 	C:\WINDOWS\System32\ucrtbase.dll
0x00007ff8e83b0000 - 0x00007ff8e83ce000 	c:\Users\23362995\.vscode\extensions\redhat.java-1.41.1-win32-x64\jre\21.0.6-win32-x86_64\bin\VCRUNTIME140.dll
0x00007ff8d6540000 - 0x00007ff8d6558000 	c:\Users\23362995\.vscode\extensions\redhat.java-1.41.1-win32-x64\jre\21.0.6-win32-x86_64\bin\jli.dll
0x00007ff8ffd50000 - 0x00007ff8fff1c000 	C:\WINDOWS\System32\USER32.dll
0x00007ff8e5880000 - 0x00007ff8e5b17000 	C:\WINDOWS\WinSxS\amd64_microsoft.windows.common-controls_6595b64144ccf1df_6.0.26100.3624_none_3e086962e3345f24\COMCTL32.dll
0x00007ff8fdfd0000 - 0x00007ff8fdff7000 	C:\WINDOWS\System32\win32u.dll
0x00007ff8feae0000 - 0x00007ff8feb0a000 	C:\WINDOWS\System32\GDI32.dll
0x00007ff8fee70000 - 0x00007ff8fef19000 	C:\WINDOWS\System32\msvcrt.dll
0x00007ff8fe000000 - 0x00007ff8fe131000 	C:\WINDOWS\System32\gdi32full.dll
0x00007ff8fe140000 - 0x00007ff8fe1e3000 	C:\WINDOWS\System32\msvcp_win.dll
0x00007ff8fe520000 - 0x00007ff8fe54f000 	C:\WINDOWS\System32\IMM32.DLL
0x00007ff8e9710000 - 0x00007ff8e971c000 	c:\Users\23362995\.vscode\extensions\redhat.java-1.41.1-win32-x64\jre\21.0.6-win32-x86_64\bin\vcruntime140_1.dll
0x00007ff8853c0000 - 0x00007ff88544d000 	c:\Users\23362995\.vscode\extensions\redhat.java-1.41.1-win32-x64\jre\21.0.6-win32-x86_64\bin\msvcp140.dll
0x00007ff86a4e0000 - 0x00007ff86b270000 	c:\Users\23362995\.vscode\extensions\redhat.java-1.41.1-win32-x64\jre\21.0.6-win32-x86_64\bin\server\jvm.dll
0x00007ff8fef20000 - 0x00007ff8fefd2000 	C:\WINDOWS\System32\ADVAPI32.dll
0x00007ff8fe370000 - 0x00007ff8fe416000 	C:\WINDOWS\System32\sechost.dll
0x00007ff8ffb40000 - 0x00007ff8ffc56000 	C:\WINDOWS\System32\RPCRT4.dll
0x00007ff8fe420000 - 0x00007ff8fe494000 	C:\WINDOWS\System32\WS2_32.dll
0x00007ff8fd570000 - 0x00007ff8fd5ce000 	C:\WINDOWS\SYSTEM32\POWRPROF.dll
0x00007ff8e5e70000 - 0x00007ff8e5e7b000 	C:\WINDOWS\SYSTEM32\VERSION.dll
0x00007ff8f6970000 - 0x00007ff8f69a6000 	C:\WINDOWS\SYSTEM32\WINMM.dll
0x00007ff8fd550000 - 0x00007ff8fd564000 	C:\WINDOWS\SYSTEM32\UMPDC.dll
0x00007ff8fc3d0000 - 0x00007ff8fc3ea000 	C:\WINDOWS\SYSTEM32\kernel.appcore.dll
0x00007ff8e9450000 - 0x00007ff8e945a000 	c:\Users\23362995\.vscode\extensions\redhat.java-1.41.1-win32-x64\jre\21.0.6-win32-x86_64\bin\jimage.dll
0x00007ff8faaa0000 - 0x00007ff8face1000 	C:\WINDOWS\SYSTEM32\DBGHELP.DLL
0x00007ff8fe750000 - 0x00007ff8fead2000 	C:\WINDOWS\System32\combase.dll
0x00007ff8fece0000 - 0x00007ff8fedb6000 	C:\WINDOWS\System32\OLEAUT32.dll
0x00007ff8f6930000 - 0x00007ff8f6969000 	C:\WINDOWS\SYSTEM32\dbgcore.DLL
0x00007ff8fdf30000 - 0x00007ff8fdfc9000 	C:\WINDOWS\System32\bcryptPrimitives.dll
0x00007ff8e9240000 - 0x00007ff8e924f000 	c:\Users\23362995\.vscode\extensions\redhat.java-1.41.1-win32-x64\jre\21.0.6-win32-x86_64\bin\instrument.dll
0x00007ff8cab90000 - 0x00007ff8cabaf000 	c:\Users\23362995\.vscode\extensions\redhat.java-1.41.1-win32-x64\jre\21.0.6-win32-x86_64\bin\java.dll
0x00007ff8ff210000 - 0x00007ff8ff939000 	C:\WINDOWS\System32\SHELL32.dll
0x00007ff8fddc0000 - 0x00007ff8fdf28000 	C:\WINDOWS\System32\wintypes.dll
0x00007ff8fb050000 - 0x00007ff8fb8a2000 	C:\WINDOWS\SYSTEM32\windows.storage.dll
0x00007ff8ffc60000 - 0x00007ff8ffd4d000 	C:\WINDOWS\System32\SHCORE.dll
0x00007ff8fff50000 - 0x00007ff8fffb4000 	C:\WINDOWS\System32\shlwapi.dll
0x00007ff8fd630000 - 0x00007ff8fd65f000 	C:\WINDOWS\SYSTEM32\profapi.dll
0x00007ff8c4990000 - 0x00007ff8c49a8000 	c:\Users\23362995\.vscode\extensions\redhat.java-1.41.1-win32-x64\jre\21.0.6-win32-x86_64\bin\zip.dll
0x00007ff8e9100000 - 0x00007ff8e9110000 	C:\Users\23362995\.vscode\extensions\redhat.java-1.41.1-win32-x64\jre\21.0.6-win32-x86_64\bin\net.dll
0x00007ff8fc3f0000 - 0x00007ff8fc50d000 	C:\WINDOWS\SYSTEM32\WINHTTP.dll
0x00007ff8fc9f0000 - 0x00007ff8fca5a000 	C:\WINDOWS\system32\mswsock.dll
0x00007ff8c7a20000 - 0x00007ff8c7a36000 	C:\Users\23362995\.vscode\extensions\redhat.java-1.41.1-win32-x64\jre\21.0.6-win32-x86_64\bin\nio.dll
0x00007ff8e8f10000 - 0x00007ff8e8f20000 	c:\Users\23362995\.vscode\extensions\redhat.java-1.41.1-win32-x64\jre\21.0.6-win32-x86_64\bin\verify.dll
0x00007ff8e7d10000 - 0x00007ff8e7d55000 	C:\Users\23362995\AppData\Roaming\Code\User\globalStorage\redhat.java\1.41.1\config_ss_win\org.eclipse.equinox.launcher\org.eclipse.equinox.launcher.win32.win32.x86_64_1.2.1300.v20250331-1702\eclipse_11911.dll
0x00007ff8ff070000 - 0x00007ff8ff206000 	C:\WINDOWS\System32\ole32.dll
0x00007ff8e8ac0000 - 0x00007ff8e8aca000 	C:\Users\23362995\.vscode\extensions\redhat.java-1.41.1-win32-x64\jre\21.0.6-win32-x86_64\bin\management.dll
0x00007ff8e83a0000 - 0x00007ff8e83ab000 	C:\Users\23362995\.vscode\extensions\redhat.java-1.41.1-win32-x64\jre\21.0.6-win32-x86_64\bin\management_ext.dll
0x00007ff8fe340000 - 0x00007ff8fe348000 	C:\WINDOWS\System32\PSAPI.DLL
0x00007ff8fcda0000 - 0x00007ff8fcdbc000 	C:\WINDOWS\SYSTEM32\CRYPTSP.dll
0x00007ff8fc330000 - 0x00007ff8fc36a000 	C:\WINDOWS\system32\rsaenh.dll
0x00007ff8fca90000 - 0x00007ff8fcabb000 	C:\WINDOWS\SYSTEM32\USERENV.dll
0x00007ff8fd600000 - 0x00007ff8fd626000 	C:\WINDOWS\SYSTEM32\bcrypt.dll
0x00007ff8fcd80000 - 0x00007ff8fcd8c000 	C:\WINDOWS\SYSTEM32\CRYPTBASE.dll
0x00007ff8fbbd0000 - 0x00007ff8fbc03000 	C:\WINDOWS\SYSTEM32\IPHLPAPI.DLL
0x00007ff8ff060000 - 0x00007ff8ff06a000 	C:\WINDOWS\System32\NSI.dll

dbghelp: loaded successfully - version: 4.0.5 - missing functions: none
symbol engine: initialized successfully - sym options: 0x614 - pdb path: .;c:\Users\23362995\.vscode\extensions\redhat.java-1.41.1-win32-x64\jre\21.0.6-win32-x86_64\bin;C:\WINDOWS\SYSTEM32;C:\WINDOWS\WinSxS\amd64_microsoft.windows.common-controls_6595b64144ccf1df_6.0.26100.3624_none_3e086962e3345f24;c:\Users\23362995\.vscode\extensions\redhat.java-1.41.1-win32-x64\jre\21.0.6-win32-x86_64\bin\server;C:\Users\23362995\AppData\Roaming\Code\User\globalStorage\redhat.java\1.41.1\config_ss_win\org.eclipse.equinox.launcher\org.eclipse.equinox.launcher.win32.win32.x86_64_1.2.1300.v20250331-1702

VM Arguments:
jvm_args: --add-modules=ALL-SYSTEM --add-opens=java.base/java.util=ALL-UNNAMED --add-opens=java.base/java.lang=ALL-UNNAMED --add-opens=java.base/sun.nio.fs=ALL-UNNAMED -Declipse.application=org.eclipse.jdt.ls.core.id1 -Dosgi.bundles.defaultStartLevel=4 -Declipse.product=org.eclipse.jdt.ls.core.product -Djava.import.generatesMetadataFilesAtProjectRoot=false -DDetectVMInstallationsJob.disabled=true -Dfile.encoding=utf8 -XX:+UseParallelGC -XX:GCTimeRatio=4 -XX:AdaptiveSizePolicyWeight=90 -Dsun.zip.disableMemoryMapping=true -Xmx1G -Xms100m -Xlog:disable -javaagent:c:\Users\23362995\.vscode\extensions\redhat.java-1.41.1-win32-x64\lombok\lombok-1.18.36.jar 
java_command: c:\Users\23362995\.vscode\extensions\redhat.java-1.41.1-win32-x64\server\plugins\org.eclipse.equinox.launcher_1.7.0.v20250331-1702.jar -configuration c:\Users\23362995\AppData\Roaming\Code\User\globalStorage\redhat.java\1.41.1\config_ss_win -data c:\Users\23362995\AppData\Roaming\Code\User\workspaceStorage\b2fd3a9d163bc04bf9427ccafcd3f236\redhat.java\ss_ws --pipe=\\.\pipe\lsp-09e75ddf951a7c26d9b24a4b17a3f992-sock
java_class_path (initial): c:\Users\23362995\.vscode\extensions\redhat.java-1.41.1-win32-x64\server\plugins\org.eclipse.equinox.launcher_1.7.0.v20250331-1702.jar
Launcher Type: SUN_STANDARD

[Global flags]
    uintx AdaptiveSizePolicyWeight                 = 90                                        {product} {command line}
     intx CICompilerCount                          = 4                                         {product} {ergonomic}
    uintx GCTimeRatio                              = 4                                         {product} {command line}
   size_t InitialHeapSize                          = 104857600                                 {product} {command line}
   size_t MaxHeapSize                              = 1073741824                                {product} {command line}
   size_t MaxNewSize                               = 357564416                                 {product} {ergonomic}
   size_t MinHeapDeltaBytes                        = 524288                                    {product} {ergonomic}
   size_t MinHeapSize                              = 104857600                                 {product} {command line}
   size_t NewSize                                  = 34603008                                  {product} {ergonomic}
    uintx NonNMethodCodeHeapSize                   = 5839372                                {pd product} {ergonomic}
    uintx NonProfiledCodeHeapSize                  = 122909434                              {pd product} {ergonomic}
   size_t OldSize                                  = 70254592                                  {product} {ergonomic}
    uintx ProfiledCodeHeapSize                     = 122909434                              {pd product} {ergonomic}
    uintx ReservedCodeCacheSize                    = 251658240                              {pd product} {ergonomic}
     bool SegmentedCodeCache                       = true                                      {product} {ergonomic}
   size_t SoftMaxHeapSize                          = 1073741824                             {manageable} {ergonomic}
     bool UseCompressedOops                        = true                           {product lp64_product} {ergonomic}
     bool UseLargePagesIndividualAllocation        = false                                  {pd product} {ergonomic}
     bool UseParallelGC                            = true                                      {product} {command line}

Logging:
Log output configuration:
 #0: stdout all=off uptime,level,tags foldmultilines=false
 #1: stderr all=off uptime,level,tags foldmultilines=false

Environment Variables:
JAVA_HOME=C:\Program Files\Java\eclipse\jdk-23
PATH=C:\Program Files\Google\Chrome\Application;C:\Program Files\Common Files\Oracle\Java\javapath;C:\Program Files\Java\jdk-23\bin;C:\Program Files\Eclipse Adoptium\jdk-17.0.13.11-hotspot\bin;C:\WINDOWS\system32;C:\WINDOWS;C:\WINDOWS\System32\Wbem;C:\WINDOWS\System32\WindowsPowerShell\v1.0\;C:\WINDOWS\System32\OpenSSH\;C:\Program Files\Microsoft SQL Server\120\Tools\Binn\;C:\Program Files\Git\cmd;C:\Program Files\Java\eclipse\jdk-23\bin;C:\Program Files\MATLAB\R2024b\bin;C:\Program Files\Java\jdk-23\bin;C:\Program Files\Java\jdk-23\bin;C:\Users\23362995\AppData\Local\Programs\Python\Python310\Scripts\;C:\Users\23362995\AppData\Local\Programs\Python\Python310\;C:\Users\23362995\AppData\Local\Microsoft\WindowsApps;C:\Users\23362995\AppData\Local\Programs\Microsoft VS Code\bin;C:\Program Files\Java\eclipse\jdk-23\bin;
USERNAME=23362995
OS=Windows_NT
PROCESSOR_IDENTIFIER=Intel64 Family 6 Model 186 Stepping 3, GenuineIntel
TMP=C:\Users\23362995\AppData\Local\Temp
TEMP=C:\Users\23362995\AppData\Local\Temp




Periodic native trim disabled

---------------  S Y S T E M  ---------------

OS:
 Windows 11 , 64 bit Build 26100 (10.0.26100.3775)
OS uptime: 9 days 7:08 hours
Hyper-V role detected

CPU: total 12 (initial active 12) (6 cores per cpu, 2 threads per core) family 6 model 186 stepping 3 microcode 0x4123, cx8, cmov, fxsr, ht, mmx, 3dnowpref, sse, sse2, sse3, ssse3, sse4.1, sse4.2, popcnt, lzcnt, tsc, tscinvbit, avx, avx2, aes, erms, clmul, bmi1, bmi2, adx, sha, fma, vzeroupper, clflush, clflushopt, clwb, hv, serialize, rdtscp, rdpid, fsrm, f16c, cet_ibt, cet_ss
Processor Information for the first 12 processors :
  Max Mhz: 1300, Current Mhz: 1300, Mhz Limit: 1300

Memory: 4k page, system-wide physical 16036M (1435M free)
TotalPageFile size 39499M (AvailPageFile size 2M)
current process WorkingSet (physical memory assigned to process): 168M, peak: 172M
current process commit charge ("private bytes"): 273M, peak: 279M

vm_info: OpenJDK 64-Bit Server VM (21.0.6+7-LTS) for windows-amd64 JRE (21.0.6+7-LTS), built on 2025-01-21T00:00:00Z by "admin" with MS VC++ 17.7 (VS2022)

END.
